#
# A fatal error has been detected by the Java Runtime Environment:
#
#  EXCEPTION_ACCESS_VIOLATION (0xc0000005) at pc=0x00007ffe930e0c9d, pid=14084, tid=1500
#
# JRE version: Java(TM) SE Runtime Environment (21.0.1+12) (build 21.0.1+12-LTS-29)
# Java VM: Java HotSpot(TM) 64-Bit Server VM (21.0.1+12-LTS-29, mixed mode, sharing, tiered, compressed oops, compressed class ptrs, g1 gc, windows-amd64)
# Problematic frame:
# V  [jvm.dll+0x1d0c9d]
#
# No core dump will be written. Minidumps are not enabled by default on client versions of Windows
#
# If you would like to submit a bug report, please visit:
#   https://bugreport.java.com/bugreport/crash.jsp
#

---------------  S U M M A R Y ------------

Command Line: -Dclassworlds.conf=C:\Program Files\NetBeans-20\netbeans\java\maven\bin\m2.conf -Dmaven.home=C:\Program Files\NetBeans-20\netbeans\java\maven -Dlibrary.jansi.path=C:\Program Files\NetBeans-20\netbeans\java\maven\lib\jansi-native -Dmaven.multiModuleProjectDirectory=C:\Users\jairus\Documents\GitHub\INF234\FinalProject_ATM org.codehaus.plexus.classworlds.launcher.Launcher -Dexec.vmArgs= -Dexec.args=${exec.vmArgs} -classpath %classpath ${exec.mainClass} ${exec.appArgs} -Dexec.executable=C:\Program Files\Java\jdk-21\bin\java.exe -Dexec.mainClass=settings.printPDFReceipts -Dexec.classpathScope=runtime -Dexec.appArgs= -Dmaven.ext.class.path=C:\Program Files\NetBeans-20\netbeans\java\maven-nblib\netbeans-eventspy.jar --no-transfer-progress process-classes org.codehaus.mojo:exec-maven-plugin:3.1.0:exec

Host: AMD Ryzen 7 4800H with Radeon Graphics         , 16 cores, 15G,  Windows 11 , 64 bit Build 22621 (10.0.22621.3235)
Time: Mon Mar  4 12:44:51 2024 China Standard Time elapsed time: 3.597251 seconds (0d 0h 0m 3s)

---------------  T H R E A D  ---------------

Current thread (0x00000239ea71c4d0):  JavaThread "C2 CompilerThread5" daemon [_thread_in_native, id=1500, stack(0x0000003b2ad00000,0x0000003b2ae00000) (1024K)]


Current CompileTask:
C2:   3597 5175       4       com.sun.tools.javac.util.List::of (12 bytes)

Stack: [0x0000003b2ad00000,0x0000003b2ae00000],  sp=0x0000003b2adfc058,  free space=1008k
Native frames: (J=compiled Java code, j=interpreted, Vv=VM code, C=native code)
V  [jvm.dll+0x1d0c9d]
C  0x0000003b2adfc0b8


siginfo: EXCEPTION_ACCESS_VIOLATION (0xc0000005), data execution prevention violation at address 0x00000239e81a4000


Registers:
RAX=0x00000239e819e0e0, RBX=0x00007ffe9351fdc4, RCX=0x00000239e819e0d0, RDX=0x00000239e819e0d0
RSP=0x0000003b2adfc058, RBP=0x0000003b2adfc3c0, RSI=0x00000239e819dcd0, RDI=0x0000000000000070
R8 =0x0000000000000000, R9 =0x0000000000000000, R10=0x0000000000000000, R11=0x0000003b2adfc058
R12=0x00000239e81a3778, R13=0x0000000000000001, R14=0x00000239e9fa8160, R15=0x00007ffe93600fcf
RIP=0x00007ffe930e0c9d, EFLAGS=0x0000000000010216


Register to memory mapping:

RAX=0x00000239e819e0e0 points into unknown readable memory: 0x00007ffe938d90f8 | f8 90 8d 93 fe 7f 00 00
RBX=0x00007ffe9351fdc4 jvm.dll
RCX=0x00000239e819e0d0 points into unknown readable memory: 0x00007ffe93b32e30 | 30 2e b3 93 fe 7f 00 00
RDX=0x00000239e819e0d0 points into unknown readable memory: 0x00007ffe93b32e30 | 30 2e b3 93 fe 7f 00 00
RSP=0x0000003b2adfc058 is pointing into the stack for thread: 0x00000239ea71c4d0
RBP=0x0000003b2adfc3c0 is pointing into the stack for thread: 0x00000239ea71c4d0
RSI=0x00000239e819dcd0 points into unknown readable memory: 0x00007ffe938b6dc0 | c0 6d 8b 93 fe 7f 00 00
RDI=0x0000000000000070 is an unknown value
R8 =0x0 is null
R9 =0x0 is null
R10=0x0 is null
R11=0x0000003b2adfc058 is pointing into the stack for thread: 0x00000239ea71c4d0
R12=0x00000239e81a3778 points into unknown readable memory: 0x00007ffe938a07b8 | b8 07 8a 93 fe 7f 00 00
R13=0x0000000000000001 is an unknown value
R14=0x00000239e9fa8160 points into unknown readable memory: 0x0000000000000000 | 00 00 00 00 00 00 00 00
R15=0x00007ffe93600fcf jvm.dll

Top of Stack: (sp=0x0000003b2adfc058)
0x0000003b2adfc058:   00007ffe9351fdc4 0000003b2adfc3c0
0x0000003b2adfc068:   00000239e819dcd0 0000003b2adfc310
0x0000003b2adfc078:   0000003b2adfc310 00000239e8037bf8
0x0000003b2adfc088:   00000239e819db00 0000000000000000
0x0000003b2adfc098:   00000239e819dbd0 0000003b2adfc0b8
0x0000003b2adfc0a8:   0000000000000001 0000009500000001
0x0000003b2adfc0b8:   00000239e81a44b0 00000239e81a3690
0x0000003b2adfc0c8:   00000239e81a3d98 00000239e81a37e8
0x0000003b2adfc0d8:   00000239e81a3708 00000239e818b9b0
0x0000003b2adfc0e8:   00000239e81a3ea0 00000239e81a3d30
0x0000003b2adfc0f8:   00000239e819dbd0 00000239e818b9b0
0x0000003b2adfc108:   0000000000000070 00000239e819db00
0x0000003b2adfc118:   00000239e9fa81d0 00000239e819dcd0
0x0000003b2adfc128:   00007ffe938c97c0 0000003b2adfc310
0x0000003b2adfc138:   00000239e9fa8180 00000239e9fa81d0
0x0000003b2adfc148:   00000239e819dcd0 00007ffe938c9800
0x0000003b2adfc158:   0000003b2adfc2d0 0000003b2adfe370
0x0000003b2adfc168:   00007ffe935214e4 0000003b2adfe301
0x0000003b2adfc178:   00000239e819dcd0 0000000000000000
0x0000003b2adfc188:   00000239e8d39628 0000023992d9f400
0x0000003b2adfc198:   0000000000000000 0000000000000000
0x0000003b2adfc1a8:   00007ffe938c9810 00007ffe938c9800
0x0000003b2adfc1b8:   0000003b2adfc2d0 0000003b2adfe370
0x0000003b2adfc1c8:   00007ffe9315b864 00000239e9fa81d0
0x0000003b2adfc1d8:   00000239e9fa8180 00007ffe938c97c0
0x0000003b2adfc1e8:   0000003b2adfc2d0 00000239e8d37100
0x0000003b2adfc1f8:   00007ffe9371fcf3 00000239e8e20000
0x0000003b2adfc208:   0000000000000000 0000000000000000
0x0000003b2adfc218:   00007ffe931f7f00 0000000000000000
0x0000003b2adfc228:   00007ffe938c9810 0000000000000000
0x0000003b2adfc238:   0000000000000000 0000000000000000
0x0000003b2adfc248:   00007ffe938c9810 00000239e8d38800 

Instructions: (pc=0x00007ffe930e0c9d)
0x00007ffe930e0b9d:   8b f5 44 39 6b 20 0f 86 93 00 00 00 0f 1f 80 00
0x00007ffe930e0bad:   00 00 00 48 8b 43 10 8b ce 48 8b 3c c8 48 8b cf
0x00007ffe930e0bbd:   48 8b 07 ff 10 3d 99 00 00 00 75 1b 48 8b 47 08
0x00007ffe930e0bcd:   48 8b 08 8b 41 2c 83 e0 1f 3c 18 75 0a 44 39 6f
0x00007ffe930e0bdd:   20 76 04 49 89 7e 40 ff c6 3b 73 20 72 c5 eb 4f
0x00007ffe930e0bed:   48 8b cb 49 89 1e e8 c8 68 4d 00 48 85 c0 74 3f
0x00007ffe930e0bfd:   8b 48 2c 83 e1 1f 80 f9 1d 75 34 48 8b 48 10 8b
0x00007ffe930e0c0d:   40 20 48 8d 14 c1 48 3b ca 73 24 0f 1f 84 00 00
0x00007ffe930e0c1d:   00 00 00 48 8b 01 44 39 68 38 75 06 49 89 46 08
0x00007ffe930e0c2d:   eb 04 49 89 46 20 48 83 c1 08 48 3b ca 72 e4 49
0x00007ffe930e0c3d:   83 c7 08 4c 3b fd 0f 82 f7 fe ff ff 48 8b 7c 24
0x00007ffe930e0c4d:   40 48 8b 74 24 60 48 8b 5c 24 50 4c 8b 7c 24 20
0x00007ffe930e0c5d:   45 84 e4 4c 8b 64 24 38 4c 8b 74 24 28 4c 8b 6c
0x00007ffe930e0c6d:   24 30 48 8b 6c 24 58 74 27 8b 0d ac 92 a9 00 65
0x00007ffe930e0c7d:   48 8b 04 25 58 00 00 00 ba 70 00 00 00 48 8b 04
0x00007ffe930e0c8d:   c8 80 3c 02 00 75 09 48 83 c4 48 e9 63 3d 72 00
0x00007ffe930e0c9d:   48 83 c4 48 c3 cc cc cc cc cc cc cc cc cc cc cc
0x00007ffe930e0cad:   cc cc cc 48 89 5c 24 08 48 89 6c 24 18 48 89 74
0x00007ffe930e0cbd:   24 20 57 41 56 41 57 48 83 ec 20 48 8b 42 08 4d
0x00007ffe930e0ccd:   8b f1 44 8b 52 2c 49 8b e8 4c 8b f9 41 0f b6 f2
0x00007ffe930e0cdd:   48 8b 38 8b 47 2c 83 e0 1f 3c 15 0f 85 84 01 00
0x00007ffe930e0ced:   00 83 7f 20 02 0f 85 7a 01 00 00 81 fe c8 00 00
0x00007ffe930e0cfd:   00 74 14 41 81 e2 ff 01 00 00 41 81 fa 48 01 00
0x00007ffe930e0d0d:   00 0f 85 5e 01 00 00 48 8b 5f 08 48 8b 1b 48 85
0x00007ffe930e0d1d:   db 75 45 4d 8b ce 4c 8b c5 48 8b d3 49 8b cf e8
0x00007ffe930e0d2d:   6f 01 00 00 84 c0 0f 84 39 01 00 00 33 d2 48 8b
0x00007ffe930e0d3d:   cf 81 fe c8 00 00 00 0f 95 c2 e8 24 50 4c 00 8b
0x00007ffe930e0d4d:   48 2c 81 fe c8 00 00 00 75 68 81 e1 ff 01 00 00
0x00007ffe930e0d5d:   81 f9 48 01 00 00 eb 5d 8b 4b 2c 8b c1 24 3f 3c
0x00007ffe930e0d6d:   20 75 1c 48 8b 43 08 48 83 38 00 75 a6 48 8b cb
0x00007ffe930e0d7d:   e8 9e ed 00 00 48 85 c0 74 99 48 8b d8 eb d9 80
0x00007ffe930e0d8d:   e1 0f 80 f9 08 75 8c 48 8b 43 08 48 8b 08 8b 41 


Stack slot to memory mapping:

stack at sp + 0 slots: 0x00007ffe9351fdc4 jvm.dll
stack at sp + 1 slots: 0x0000003b2adfc3c0 is pointing into the stack for thread: 0x00000239ea71c4d0
stack at sp + 2 slots: 0x00000239e819dcd0 points into unknown readable memory: 0x00007ffe938b6dc0 | c0 6d 8b 93 fe 7f 00 00
stack at sp + 3 slots: 0x0000003b2adfc310 is pointing into the stack for thread: 0x00000239ea71c4d0
stack at sp + 4 slots: 0x0000003b2adfc310 is pointing into the stack for thread: 0x00000239ea71c4d0
stack at sp + 5 slots: 0x00000239e8037bf8 points into unknown readable memory: 0x00007ffe9395e1e0 | e0 e1 95 93 fe 7f 00 00
stack at sp + 6 slots: 0x00000239e819db00 points into unknown readable memory: 0x00007ffe938cd6d8 | d8 d6 8c 93 fe 7f 00 00
stack at sp + 7 slots: 0x0 is null


---------------  P R O C E S S  ---------------

Threads class SMR info:
_java_thread_list=0x00000239e83644d0, length=21, elements={
0x00000239811ddbd0, 0x00000239a284cc20, 0x00000239a284e2a0, 0x00000239a2850390,
0x00000239a2851b40, 0x00000239a2856840, 0x00000239e8008090, 0x00000239e800b780,
0x00000239a285d690, 0x00000239e813abb0, 0x00000239e814d2e0, 0x00000239e814fa40,
0x00000239e8232970, 0x00000239e85b9d90, 0x00000239e85c2fa0, 0x00000239e87a1f70,
0x00000239e8fef8e0, 0x00000239e8fcf040, 0x00000239ea71c4d0, 0x00000239ea71a990,
0x00000239ea71b730
}

Java Threads: ( => current thread )
  0x00000239811ddbd0 JavaThread "main"                              [_thread_in_Java, id=47980, stack(0x0000003b29400000,0x0000003b29500000) (1024K)]
  0x00000239a284cc20 JavaThread "Reference Handler"          daemon [_thread_blocked, id=47112, stack(0x0000003b29c00000,0x0000003b29d00000) (1024K)]
  0x00000239a284e2a0 JavaThread "Finalizer"                  daemon [_thread_blocked, id=47432, stack(0x0000003b29d00000,0x0000003b29e00000) (1024K)]
  0x00000239a2850390 JavaThread "Signal Dispatcher"          daemon [_thread_blocked, id=47648, stack(0x0000003b29e00000,0x0000003b29f00000) (1024K)]
  0x00000239a2851b40 JavaThread "Attach Listener"            daemon [_thread_blocked, id=47532, stack(0x0000003b29f00000,0x0000003b2a000000) (1024K)]
  0x00000239a2856840 JavaThread "Service Thread"             daemon [_thread_blocked, id=44632, stack(0x0000003b2a000000,0x0000003b2a100000) (1024K)]
  0x00000239e8008090 JavaThread "Monitor Deflation Thread"   daemon [_thread_blocked, id=38080, stack(0x0000003b2a100000,0x0000003b2a200000) (1024K)]
  0x00000239e800b780 JavaThread "C2 CompilerThread0"         daemon [_thread_in_native, id=48016, stack(0x0000003b2a200000,0x0000003b2a300000) (1024K)]
  0x00000239a285d690 JavaThread "C1 CompilerThread0"         daemon [_thread_in_native, id=5356, stack(0x0000003b2a300000,0x0000003b2a400000) (1024K)]
  0x00000239e813abb0 JavaThread "C1 CompilerThread1"         daemon [_thread_in_vm, id=44100, stack(0x0000003b2a400000,0x0000003b2a500000) (1024K)]
  0x00000239e814d2e0 JavaThread "Notification Thread"        daemon [_thread_blocked, id=47300, stack(0x0000003b2a500000,0x0000003b2a600000) (1024K)]
  0x00000239e814fa40 JavaThread "Common-Cleaner"             daemon [_thread_blocked, id=47596, stack(0x0000003b2a600000,0x0000003b2a700000) (1024K)]
  0x00000239e8232970 JavaThread "C2 CompilerThread1"         daemon [_thread_in_native, id=39960, stack(0x0000003b2a700000,0x0000003b2a800000) (1024K)]
  0x00000239e85b9d90 JavaThread "C1 CompilerThread2"         daemon [_thread_in_native, id=46968, stack(0x0000003b2a800000,0x0000003b2a900000) (1024K)]
  0x00000239e85c2fa0 JavaThread "C1 CompilerThread3"         daemon [_thread_in_native, id=46804, stack(0x0000003b2a900000,0x0000003b2aa00000) (1024K)]
  0x00000239e87a1f70 JavaThread "C2 CompilerThread2"         daemon [_thread_in_native, id=31028, stack(0x0000003b2aa00000,0x0000003b2ab00000) (1024K)]
  0x00000239e8fef8e0 JavaThread "C2 CompilerThread3"         daemon [_thread_in_native, id=44872, stack(0x0000003b2ab00000,0x0000003b2ac00000) (1024K)]
  0x00000239e8fcf040 JavaThread "C2 CompilerThread4"         daemon [_thread_in_native, id=42932, stack(0x0000003b2ac00000,0x0000003b2ad00000) (1024K)]
=>0x00000239ea71c4d0 JavaThread "C2 CompilerThread5"         daemon [_thread_in_native, id=1500, stack(0x0000003b2ad00000,0x0000003b2ae00000) (1024K)]
  0x00000239ea71a990 JavaThread "C2 CompilerThread6"         daemon [_thread_in_native, id=47764, stack(0x0000003b2bc00000,0x0000003b2bd00000) (1024K)]
  0x00000239ea71b730 JavaThread "C2 CompilerThread7"         daemon [_thread_in_native, id=45332, stack(0x0000003b2bd00000,0x0000003b2be00000) (1024K)]
Total: 21

Other Threads:
  0x00000239811be980 VMThread "VM Thread"                           [id=46920, stack(0x0000003b29b00000,0x0000003b29c00000) (1024K)]
  0x00000239a28131e0 WatcherThread "VM Periodic Task Thread"        [id=47504, stack(0x0000003b29a00000,0x0000003b29b00000) (1024K)]
  0x00000239811bd020 WorkerThread "GC Thread#0"                     [id=43160, stack(0x0000003b29500000,0x0000003b29600000) (1024K)]
  0x00000239811bd3c0 WorkerThread "GC Thread#1"                     [id=46612, stack(0x0000003b2b000000,0x0000003b2b100000) (1024K)]
  0x00000239e8e1f890 WorkerThread "GC Thread#2"                     [id=46672, stack(0x0000003b2b100000,0x0000003b2b200000) (1024K)]
  0x00000239e8e1d450 WorkerThread "GC Thread#3"                     [id=17212, stack(0x0000003b2b200000,0x0000003b2b300000) (1024K)]
  0x00000239e8e1d7f0 WorkerThread "GC Thread#4"                     [id=47624, stack(0x0000003b2b300000,0x0000003b2b400000) (1024K)]
  0x00000239e8e20370 WorkerThread "GC Thread#5"                     [id=46132, stack(0x0000003b2b400000,0x0000003b2b500000) (1024K)]
  0x00000239e8e1fc30 WorkerThread "GC Thread#6"                     [id=47860, stack(0x0000003b2b500000,0x0000003b2b600000) (1024K)]
  0x00000239e8e1f150 WorkerThread "GC Thread#7"                     [id=41228, stack(0x0000003b2b600000,0x0000003b2b700000) (1024K)]
  0x00000239e8e1d0b0 WorkerThread "GC Thread#8"                     [id=48076, stack(0x0000003b2b700000,0x0000003b2b800000) (1024K)]
  0x00000239e8e1ea10 WorkerThread "GC Thread#9"                     [id=42864, stack(0x0000003b2af00000,0x0000003b2b000000) (1024K)]
  0x00000239e8e1edb0 WorkerThread "GC Thread#10"                    [id=42836, stack(0x0000003b2b800000,0x0000003b2b900000) (1024K)]
  0x00000239eb2646a0 WorkerThread "GC Thread#11"                    [id=46168, stack(0x0000003b2ae00000,0x0000003b2af00000) (1024K)]
  0x00000239eb264de0 WorkerThread "GC Thread#12"                    [id=47028, stack(0x0000003b2b900000,0x0000003b2ba00000) (1024K)]
  0x000002398344f410 ConcurrentGCThread "G1 Main Marker"            [id=47796, stack(0x0000003b29600000,0x0000003b29700000) (1024K)]
  0x00000239811be5e0 WorkerThread "G1 Conc#0"                       [id=11372, stack(0x0000003b29700000,0x0000003b29800000) (1024K)]
  0x00000239eb263480 WorkerThread "G1 Conc#1"                       [id=45424, stack(0x0000003b2ba00000,0x0000003b2bb00000) (1024K)]
  0x00000239eb265520 WorkerThread "G1 Conc#2"                       [id=1664, stack(0x0000003b2bb00000,0x0000003b2bc00000) (1024K)]
  0x00000239a26e9440 ConcurrentGCThread "G1 Refine#0"               [id=39592, stack(0x0000003b29800000,0x0000003b29900000) (1024K)]
  0x00000239a26e99d0 ConcurrentGCThread "G1 Service"                [id=46828, stack(0x0000003b29900000,0x0000003b29a00000) (1024K)]
Total: 21

Threads with active compile tasks:
C2 CompilerThread0     3615 5231   !   4       com.sun.tools.javac.jvm.ClassReader::classSigToType (482 bytes)
C1 CompilerThread0     3615 5429       3       com.sun.tools.javac.comp.Resolve::findIdentInPackageInternal (140 bytes)
C1 CompilerThread1     3616 5427       3       com.sun.tools.javac.comp.Attr::selectSym (457 bytes)
C2 CompilerThread1     3616 5250       4       java.lang.String::lastIndexOf (104 bytes)
C1 CompilerThread2     3616 5430       3       com.sun.tools.javac.tree.TreeInfo::symbol (132 bytes)
C1 CompilerThread3     3616 5432   !   3       com.sun.tools.javac.code.ClassFinder::loadClass (154 bytes)
C2 CompilerThread2     3616 4538   !   4       com.sun.tools.javac.parser.JavaTokenizer::readToken (1823 bytes)
C2 CompilerThread3     3616 5145       4       jdk.internal.jimage.ImageLocation::getFullName (109 bytes)
C2 CompilerThread4     3616 5119       4       java.util.regex.Pattern::compile (537 bytes)
C2 CompilerThread5     3616 5175       4       com.sun.tools.javac.util.List::of (12 bytes)
C2 CompilerThread6     3616 5409       4       jdk.nio.zipfs.ZipCoder$UTF8::toString (49 bytes)
C2 CompilerThread7     3616 5249       4       java.lang.String::lastIndexOf (18 bytes)
Total: 12

VM state: not at safepoint (normal execution)

VM Mutex/Monitor currently owned by a thread:  ([mutex/lock_event])
[0x00007ffe93b49178] MethodCompileQueue_lock - owner thread: 0x00000239a285d690
[0x00007ffe93b4a4f8] CodeCache_lock - owner thread: 0x00000239a285d690
[0x00007ffe93b4a678] Compile_lock - owner thread: 0x00000239a285d690

Heap address: 0x0000000709400000, size: 3948 MB, Compressed Oops mode: Zero based, Oop shift amount: 3

CDS archive(s) mapped at: [0x00000239a3000000-0x00000239a3c90000-0x00000239a3c90000), size 13172736, SharedBaseAddress: 0x00000239a3000000, ArchiveRelocationMode: 1.
Compressed class space mapped at: 0x00000239a4000000-0x00000239e4000000, reserved size: 1073741824
Narrow klass base: 0x00000239a3000000, Narrow klass shift: 0, Narrow klass range: 0x100000000

GC Precious Log:
 CardTable entry size: 512
 Card Set container configuration: InlinePtr #cards 4 size 8 Array Of Cards #cards 16 size 48 Howl #buckets 8 coarsen threshold 3686 Howl Bitmap #cards 512 size 80 coarsen threshold 460 Card regions per heap region 1 cards per card region 4096
 CPUs: 16 total, 16 available
 Memory: 15789M
 Large Page Support: Disabled
 NUMA Support: Disabled
 Compressed Oops: Enabled (Zero based)
 Heap Region Size: 2M
 Heap Min Capacity: 8M
 Heap Initial Capacity: 248M
 Heap Max Capacity: 3948M
 Pre-touch: Disabled
 Parallel Workers: 13
 Concurrent Workers: 3
 Concurrent Refinement Workers: 13
 Periodic GC: Disabled

Heap:
 garbage-first heap   total 63488K, used 24172K [0x0000000709400000, 0x0000000800000000)
  region size 2048K, 11 young (22528K), 7 survivors (14336K)
 Metaspace       used 25735K, committed 26048K, reserved 1114112K
  class space    used 2940K, committed 3136K, reserved 1048576K

Heap Regions: E=young(eden), S=young(survivor), O=old, HS=humongous(starts), HC=humongous(continues), CS=collection set, F=free, TAMS=top-at-mark-start, PB=parsable bottom
|   0|0x0000000709400000, 0x0000000709600000, 0x0000000709600000|100%| O|  |TAMS 0x0000000709400000| PB 0x0000000709400000| Untracked 
|   1|0x0000000709600000, 0x000000070979b350, 0x0000000709800000| 80%| O|Cm|TAMS 0x0000000709600000| PB 0x0000000709600000| Complete 
|   2|0x0000000709800000, 0x0000000709800000, 0x0000000709a00000|  0%| F|  |TAMS 0x0000000709800000| PB 0x0000000709800000| Untracked 
|   3|0x0000000709a00000, 0x0000000709a00000, 0x0000000709c00000|  0%| F|  |TAMS 0x0000000709a00000| PB 0x0000000709a00000| Untracked 
|   4|0x0000000709c00000, 0x0000000709c00000, 0x0000000709e00000|  0%| F|  |TAMS 0x0000000709c00000| PB 0x0000000709c00000| Untracked 
|   5|0x0000000709e00000, 0x0000000709e00000, 0x000000070a000000|  0%| F|  |TAMS 0x0000000709e00000| PB 0x0000000709e00000| Untracked 
|   6|0x000000070a000000, 0x000000070a000000, 0x000000070a200000|  0%| F|  |TAMS 0x000000070a000000| PB 0x000000070a000000| Untracked 
|   7|0x000000070a200000, 0x000000070a200000, 0x000000070a400000|  0%| F|  |TAMS 0x000000070a200000| PB 0x000000070a200000| Untracked 
|   8|0x000000070a400000, 0x000000070a400000, 0x000000070a600000|  0%| F|  |TAMS 0x000000070a400000| PB 0x000000070a400000| Untracked 
|   9|0x000000070a600000, 0x000000070a600000, 0x000000070a800000|  0%| F|  |TAMS 0x000000070a600000| PB 0x000000070a600000| Untracked 
|  10|0x000000070a800000, 0x000000070a800000, 0x000000070aa00000|  0%| F|  |TAMS 0x000000070a800000| PB 0x000000070a800000| Untracked 
|  11|0x000000070aa00000, 0x000000070aa00000, 0x000000070ac00000|  0%| F|  |TAMS 0x000000070aa00000| PB 0x000000070aa00000| Untracked 
|  12|0x000000070ac00000, 0x000000070ac00000, 0x000000070ae00000|  0%| F|  |TAMS 0x000000070ac00000| PB 0x000000070ac00000| Untracked 
|  13|0x000000070ae00000, 0x000000070ae00000, 0x000000070b000000|  0%| F|  |TAMS 0x000000070ae00000| PB 0x000000070ae00000| Untracked 
|  14|0x000000070b000000, 0x000000070b000000, 0x000000070b200000|  0%| F|  |TAMS 0x000000070b000000| PB 0x000000070b000000| Untracked 
|  15|0x000000070b200000, 0x000000070b200000, 0x000000070b400000|  0%| F|  |TAMS 0x000000070b200000| PB 0x000000070b200000| Untracked 
|  16|0x000000070b400000, 0x000000070b400000, 0x000000070b600000|  0%| F|  |TAMS 0x000000070b400000| PB 0x000000070b400000| Untracked 
|  17|0x000000070b600000, 0x000000070b600000, 0x000000070b800000|  0%| F|  |TAMS 0x000000070b600000| PB 0x000000070b600000| Untracked 
|  18|0x000000070b800000, 0x000000070b800000, 0x000000070ba00000|  0%| F|  |TAMS 0x000000070b800000| PB 0x000000070b800000| Untracked 
|  19|0x000000070ba00000, 0x000000070bc00000, 0x000000070bc00000|100%| S|CS|TAMS 0x000000070ba00000| PB 0x000000070ba00000| Complete 
|  20|0x000000070bc00000, 0x000000070be00000, 0x000000070be00000|100%| S|CS|TAMS 0x000000070bc00000| PB 0x000000070bc00000| Complete 
|  21|0x000000070be00000, 0x000000070c000000, 0x000000070c000000|100%| S|CS|TAMS 0x000000070be00000| PB 0x000000070be00000| Complete 
|  22|0x000000070c000000, 0x000000070c200000, 0x000000070c200000|100%| S|CS|TAMS 0x000000070c000000| PB 0x000000070c000000| Complete 
|  23|0x000000070c200000, 0x000000070c400000, 0x000000070c400000|100%| S|CS|TAMS 0x000000070c200000| PB 0x000000070c200000| Complete 
|  24|0x000000070c400000, 0x000000070c600000, 0x000000070c600000|100%| S|CS|TAMS 0x000000070c400000| PB 0x000000070c400000| Complete 
|  25|0x000000070c600000, 0x000000070c800000, 0x000000070c800000|100%| S|CS|TAMS 0x000000070c600000| PB 0x000000070c600000| Complete 
|  88|0x0000000714400000, 0x0000000714400000, 0x0000000714600000|  0%| F|  |TAMS 0x0000000714400000| PB 0x0000000714400000| Untracked 
|  89|0x0000000714600000, 0x0000000714700800, 0x0000000714800000| 50%| E|  |TAMS 0x0000000714600000| PB 0x0000000714600000| Complete 
|  90|0x0000000714800000, 0x0000000714a00000, 0x0000000714a00000|100%| E|CS|TAMS 0x0000000714800000| PB 0x0000000714800000| Complete 
|  91|0x0000000714a00000, 0x0000000714c00000, 0x0000000714c00000|100%| E|CS|TAMS 0x0000000714a00000| PB 0x0000000714a00000| Complete 
| 123|0x0000000718a00000, 0x0000000718c00000, 0x0000000718c00000|100%| E|CS|TAMS 0x0000000718a00000| PB 0x0000000718a00000| Complete 

Card table byte_map: [0x000002399b870000,0x000002399c030000] _byte_map_base: 0x0000023998026000

Marking Bits: (CMBitMap*) 0x000002398343f470
 Bits: [0x000002399c030000, 0x000002399fde0000)

Polling page: 0x0000023981380000

Metaspace:

Usage:
  Non-class:     22.26 MB used.
      Class:      2.87 MB used.
       Both:     25.13 MB used.

Virtual space:
  Non-class space:       64.00 MB reserved,      22.38 MB ( 35%) committed,  1 nodes.
      Class space:        1.00 GB reserved,       3.06 MB ( <1%) committed,  1 nodes.
             Both:        1.06 GB reserved,      25.44 MB (  2%) committed. 

Chunk freelists:
   Non-Class:  9.25 MB
       Class:  12.92 MB
        Both:  22.17 MB

MaxMetaspaceSize: unlimited
CompressedClassSpaceSize: 1.00 GB
Initial GC threshold: 21.00 MB
Current GC threshold: 35.25 MB
CDS: on
 - commit_granule_bytes: 65536.
 - commit_granule_words: 8192.
 - virtual_space_node_default_size: 8388608.
 - enlarge_chunks_in_place: 1.
 - use_allocation_guard: 0.


Internal statistics:

num_allocs_failed_limit: 3.
num_arena_births: 216.
num_arena_deaths: 0.
num_vsnodes_births: 2.
num_vsnodes_deaths: 0.
num_space_committed: 407.
num_space_uncommitted: 0.
num_chunks_returned_to_freelist: 3.
num_chunks_taken_from_freelist: 1095.
num_chunk_merges: 3.
num_chunk_splits: 790.
num_chunks_enlarged: 646.
num_inconsistent_stats: 0.

CodeHeap 'non-profiled nmethods': size=119168Kb used=2447Kb max_used=2447Kb free=116720Kb
 bounds [0x00000239933d0000, 0x0000023993640000, 0x000002399a830000]
CodeHeap 'profiled nmethods': size=119104Kb used=11901Kb max_used=11901Kb free=107202Kb
 bounds [0x000002398b830000, 0x000002398c3d0000, 0x0000023992c80000]
CodeHeap 'non-nmethods': size=7488Kb used=3166Kb max_used=3187Kb free=4321Kb
 bounds [0x0000023992c80000, 0x0000023992fb0000, 0x00000239933d0000]
 total_blobs=5947 nmethods=5412 adapters=433
 compilation: enabled
              stopped_count=0, restarted_count=0
 full_count=0

Compilation events (20 events):
Event: 3.590 Thread 0x00000239e85c2fa0 5376       3       com.sun.tools.javac.util.Iterators$1::<init> (23 bytes)
Event: 3.590 Thread 0x00000239e813abb0 5387       3       jdk.nio.zipfs.ZipFileSystem::getString (9 bytes)
Event: 3.590 Thread 0x00000239e85b9d90 5377       3       com.sun.tools.javac.code.Scope$FilterImportScope$$Lambda/0x00000239a430a8f0::apply (10 bytes)
Event: 3.591 Thread 0x00000239a285d690 5355       3       com.sun.tools.javac.jvm.ClassReader::attachAnnotations (10 bytes)
Event: 3.591 Thread 0x00000239ea71a990 5318   !   4       com.sun.tools.javac.jvm.PoolReader$ImmutablePoolHelper::readIfNeeded (148 bytes)
Event: 3.591 Thread 0x00000239e813abb0 nmethod 5387 0x000002398c3b0410 code [0x000002398c3b05c0, 0x000002398c3b07a0]
Event: 3.591 Thread 0x00000239e85c2fa0 nmethod 5376 0x000002398c3b0890 code [0x000002398c3b0a40, 0x000002398c3b0d18]
Event: 3.591 Thread 0x00000239e85b9d90 nmethod 5377 0x000002398c3b0e10 code [0x000002398c3b0fc0, 0x000002398c3b12a8]
Event: 3.591 Thread 0x00000239a285d690 nmethod 5355 0x000002398c3b1390 code [0x000002398c3b1540, 0x000002398c3b1700]
Event: 3.591 Thread 0x00000239e813abb0 5358       3       com.sun.tools.javac.jvm.ClassReader$AnnotationDeproxy::<init> (15 bytes)
Event: 3.592 Thread 0x00000239e85c2fa0 5388       3       jdk.nio.zipfs.ZipPath::toString (12 bytes)
Event: 3.592 Thread 0x00000239a285d690 5384       3       com.sun.tools.javac.code.Symbol$PackageSymbol::flags (9 bytes)
Event: 3.592 Thread 0x00000239e85b9d90 5386       1       sun.nio.fs.WindowsException::lastError (5 bytes)
Event: 3.592 Thread 0x00000239e813abb0 nmethod 5358 0x000002398c3b1810 code [0x000002398c3b19c0, 0x000002398c3b1bf8]
Event: 3.592 Thread 0x00000239e85b9d90 nmethod 5386 0x000002399362c810 code [0x000002399362c9a0, 0x000002399362ca68]
Event: 3.592 Thread 0x00000239e85c2fa0 nmethod 5388 0x000002398c3b1d10 code [0x000002398c3b1ec0, 0x000002398c3b2118]
Event: 3.592 Thread 0x00000239a285d690 nmethod 5384 0x000002398c3b2210 code [0x000002398c3b23e0, 0x000002398c3b2780]
Event: 3.592 Thread 0x00000239e85b9d90 5389       3       jdk.nio.zipfs.ZipPath::getFileName (5 bytes)
Event: 3.592 Thread 0x00000239e813abb0 5390       3       java.util.ImmutableCollections$AbstractImmutableList::<init> (5 bytes)
Event: 3.593 Thread 0x00000239e85c2fa0 5383       1       jdk.nio.zipfs.ZipFileSystem$Entry::fileKey (2 bytes)

GC Heap History (8 events):
Event: 0.582 GC heap before
{Heap before GC invocations=0 (full 0):
 garbage-first heap   total 253952K, used 22528K [0x0000000709400000, 0x0000000800000000)
  region size 2048K, 11 young (22528K), 0 survivors (0K)
 Metaspace       used 5726K, committed 5952K, reserved 1114112K
  class space    used 650K, committed 768K, reserved 1048576K
}
Event: 0.587 GC heap after
{Heap after GC invocations=1 (full 0):
 garbage-first heap   total 253952K, used 4137K [0x0000000709400000, 0x0000000800000000)
  region size 2048K, 2 young (4096K), 2 survivors (4096K)
 Metaspace       used 5726K, committed 5952K, reserved 1114112K
  class space    used 650K, committed 768K, reserved 1048576K
}
Event: 1.307 GC heap before
{Heap before GC invocations=1 (full 0):
 garbage-first heap   total 253952K, used 36905K [0x0000000709400000, 0x0000000800000000)
  region size 2048K, 18 young (36864K), 2 survivors (4096K)
 Metaspace       used 10228K, committed 10368K, reserved 1114112K
  class space    used 1205K, committed 1280K, reserved 1048576K
}
Event: 1.311 GC heap after
{Heap after GC invocations=2 (full 0):
 garbage-first heap   total 253952K, used 5740K [0x0000000709400000, 0x0000000800000000)
  region size 2048K, 1 young (2048K), 1 survivors (2048K)
 Metaspace       used 10228K, committed 10368K, reserved 1114112K
  class space    used 1205K, committed 1280K, reserved 1048576K
}
Event: 2.947 GC heap before
{Heap before GC invocations=2 (full 0):
 garbage-first heap   total 253952K, used 67180K [0x0000000709400000, 0x0000000800000000)
  region size 2048K, 32 young (65536K), 1 survivors (2048K)
 Metaspace       used 21175K, committed 21504K, reserved 1114112K
  class space    used 2485K, committed 2624K, reserved 1048576K
}
Event: 2.953 GC heap after
{Heap after GC invocations=3 (full 0):
 garbage-first heap   total 253952K, used 11228K [0x0000000709400000, 0x0000000800000000)
  region size 2048K, 4 young (8192K), 4 survivors (8192K)
 Metaspace       used 21175K, committed 21504K, reserved 1114112K
  class space    used 2485K, committed 2624K, reserved 1048576K
}
Event: 3.510 GC heap before
{Heap before GC invocations=4 (full 0):
 garbage-first heap   total 49152K, used 48092K [0x0000000709400000, 0x0000000800000000)
  region size 2048K, 22 young (45056K), 4 survivors (8192K)
 Metaspace       used 25567K, committed 25856K, reserved 1114112K
  class space    used 2932K, committed 3072K, reserved 1048576K
}
Event: 3.522 GC heap after
{Heap after GC invocations=5 (full 0):
 garbage-first heap   total 63488K, used 18028K [0x0000000709400000, 0x0000000800000000)
  region size 2048K, 7 young (14336K), 7 survivors (14336K)
 Metaspace       used 25567K, committed 25856K, reserved 1114112K
  class space    used 2932K, committed 3072K, reserved 1048576K
}

Dll operation events (8 events):
Event: 0.009 Loaded shared library C:\Program Files\Java\jdk-21\bin\java.dll
Event: 0.043 Loaded shared library C:\Program Files\Java\jdk-21\bin\jsvml.dll
Event: 0.069 Loaded shared library C:\Program Files\Java\jdk-21\bin\net.dll
Event: 0.071 Loaded shared library C:\Program Files\Java\jdk-21\bin\nio.dll
Event: 0.074 Loaded shared library C:\Program Files\Java\jdk-21\bin\zip.dll
Event: 0.193 Loaded shared library C:\Program Files\Java\jdk-21\bin\jimage.dll
Event: 0.201 Loaded shared library C:\Program Files\NetBeans-20\netbeans\java\maven\lib\jansi-native\Windows\x86_64\jansi.dll
Event: 0.210 Loaded shared library C:\Program Files\Java\jdk-21\bin\verify.dll

Deoptimization events (20 events):
Event: 3.300 Thread 0x00000239811ddbd0 DEOPT PACKING pc=0x0000023993563da8 sp=0x0000003b294fc950
Event: 3.300 Thread 0x00000239811ddbd0 DEOPT UNPACKING pc=0x0000023992cd46a2 sp=0x0000003b294fc9b0 mode 2
Event: 3.303 Thread 0x00000239811ddbd0 Uncommon trap: trap_request=0xffffffde fr.pc=0x0000023993563da8 relative=0x0000000000001c08
Event: 3.303 Thread 0x00000239811ddbd0 Uncommon trap: reason=class_check action=maybe_recompile pc=0x0000023993563da8 method=java.util.zip.InflaterInputStream.read([BII)I @ 78 c2
Event: 3.303 Thread 0x00000239811ddbd0 DEOPT PACKING pc=0x0000023993563da8 sp=0x0000003b294fc950
Event: 3.303 Thread 0x00000239811ddbd0 DEOPT UNPACKING pc=0x0000023992cd46a2 sp=0x0000003b294fc9b0 mode 2
Event: 3.308 Thread 0x00000239811ddbd0 Uncommon trap: trap_request=0xffffffde fr.pc=0x0000023993563da8 relative=0x0000000000001c08
Event: 3.308 Thread 0x00000239811ddbd0 Uncommon trap: reason=class_check action=maybe_recompile pc=0x0000023993563da8 method=java.util.zip.InflaterInputStream.read([BII)I @ 78 c2
Event: 3.308 Thread 0x00000239811ddbd0 DEOPT PACKING pc=0x0000023993563da8 sp=0x0000003b294fc950
Event: 3.308 Thread 0x00000239811ddbd0 DEOPT UNPACKING pc=0x0000023992cd46a2 sp=0x0000003b294fc9b0 mode 2
Event: 3.329 Thread 0x00000239811ddbd0 DEOPT PACKING pc=0x000002398babf344 sp=0x0000003b294fd230
Event: 3.329 Thread 0x00000239811ddbd0 DEOPT UNPACKING pc=0x0000023992cd4e42 sp=0x0000003b294fc720 mode 0
Event: 3.414 Thread 0x00000239811ddbd0 Uncommon trap: trap_request=0xffffff45 fr.pc=0x00000239935f3d3c relative=0x0000000000000cfc
Event: 3.414 Thread 0x00000239811ddbd0 Uncommon trap: reason=unstable_if action=reinterpret pc=0x00000239935f3d3c method=com.sun.tools.javac.util.Name$Table.equals([BI[BII)Z @ 22 c2
Event: 3.414 Thread 0x00000239811ddbd0 DEOPT PACKING pc=0x00000239935f3d3c sp=0x0000003b294fce40
Event: 3.414 Thread 0x00000239811ddbd0 DEOPT UNPACKING pc=0x0000023992cd46a2 sp=0x0000003b294fcce8 mode 2
Event: 3.428 Thread 0x00000239811ddbd0 Uncommon trap: trap_request=0xffffff45 fr.pc=0x00000239935f0f8c relative=0x000000000000006c
Event: 3.428 Thread 0x00000239811ddbd0 Uncommon trap: reason=unstable_if action=reinterpret pc=0x00000239935f0f8c method=com.sun.tools.javac.jvm.PoolReader.sizeof(I)I @ 1 c2
Event: 3.428 Thread 0x00000239811ddbd0 DEOPT PACKING pc=0x00000239935f0f8c sp=0x0000003b294fc590
Event: 3.428 Thread 0x00000239811ddbd0 DEOPT UNPACKING pc=0x0000023992cd46a2 sp=0x0000003b294fc520 mode 2

Classes loaded (20 events):
Event: 3.323 Loading class java/util/ComparableTimSort
Event: 3.323 Loading class java/util/ComparableTimSort done
Event: 3.325 Loading class sun/nio/fs/WindowsDirectoryStream
Event: 3.326 Loading class sun/nio/fs/WindowsDirectoryStream done
Event: 3.326 Loading class sun/nio/fs/WindowsDirectoryStream$WindowsDirectoryIterator
Event: 3.326 Loading class sun/nio/fs/WindowsDirectoryStream$WindowsDirectoryIterator done
Event: 3.326 Loading class java/nio/file/Files$2
Event: 3.326 Loading class java/nio/file/Files$2 done
Event: 3.327 Loading class java/util/ImmutableCollections$Access
Event: 3.327 Loading class java/util/ImmutableCollections$Access done
Event: 3.327 Loading class java/util/ImmutableCollections$Access$1
Event: 3.327 Loading class jdk/internal/access/JavaUtilCollectionAccess
Event: 3.327 Loading class jdk/internal/access/JavaUtilCollectionAccess done
Event: 3.327 Loading class java/util/ImmutableCollections$Access$1 done
Event: 3.328 Loading class java/util/stream/Nodes$SpinedNodeBuilder
Event: 3.328 Loading class java/util/stream/Nodes$SpinedNodeBuilder done
Event: 3.333 Loading class sun/nio/fs/WindowsPath$WindowsPathWithAttributes
Event: 3.333 Loading class sun/nio/fs/WindowsPath$WindowsPathWithAttributes done
Event: 3.584 Loading class java/nio/file/FileTreeWalker$1
Event: 3.585 Loading class java/nio/file/FileTreeWalker$1 done

Classes unloaded (0 events):
No events

Classes redefined (0 events):
No events

Internal exceptions (20 events):
Event: 3.496 Thread 0x00000239811ddbd0 Exception <a 'sun/nio/fs/WindowsException'{0x0000000709fd0658}> (0x0000000709fd0658) 
thrown [s\open\src\hotspot\share\prims\jni.cpp, line 520]
Event: 3.496 Thread 0x00000239811ddbd0 Exception <a 'sun/nio/fs/WindowsException'{0x0000000709fd16e0}> (0x0000000709fd16e0) 
thrown [s\open\src\hotspot\share\prims\jni.cpp, line 520]
Event: 3.496 Thread 0x00000239811ddbd0 Exception <a 'sun/nio/fs/WindowsException'{0x0000000709fd2638}> (0x0000000709fd2638) 
thrown [s\open\src\hotspot\share\prims\jni.cpp, line 520]
Event: 3.556 Thread 0x00000239811ddbd0 Exception <a 'java/lang/NoSuchMethodError'{0x000000071486e6a8}: 'void java.lang.invoke.DirectMethodHandle$Holder.invokeSpecial(java.lang.Object, java.lang.Object, java.lang.Object, java.lang.Object, java.lang.Object)'> (0x000000071486e6a8) 
thrown [s\open\src\hotspot\share\interpreter\linkResolver.cpp, line 773]
Event: 3.581 Thread 0x00000239811ddbd0 Exception <a 'sun/nio/fs/WindowsException'{0x00000007148fade0}> (0x00000007148fade0) 
thrown [s\open\src\hotspot\share\prims\jni.cpp, line 520]
Event: 3.586 Thread 0x00000239811ddbd0 Exception <a 'sun/nio/fs/WindowsException'{0x00000007148fed00}> (0x00000007148fed00) 
thrown [s\open\src\hotspot\share\prims\jni.cpp, line 520]
Event: 3.586 Thread 0x00000239811ddbd0 Exception <a 'sun/nio/fs/WindowsException'{0x00000007148ffa68}> (0x00000007148ffa68) 
thrown [s\open\src\hotspot\share\prims\jni.cpp, line 520]
Event: 3.586 Thread 0x00000239811ddbd0 Exception <a 'sun/nio/fs/WindowsException'{0x00000007149006e0}> (0x00000007149006e0) 
thrown [s\open\src\hotspot\share\prims\jni.cpp, line 520]
Event: 3.586 Thread 0x00000239811ddbd0 Exception <a 'sun/nio/fs/WindowsException'{0x0000000714902108}> (0x0000000714902108) 
thrown [s\open\src\hotspot\share\prims\jni.cpp, line 520]
Event: 3.587 Thread 0x00000239811ddbd0 Exception <a 'sun/nio/fs/WindowsException'{0x0000000714905a98}> (0x0000000714905a98) 
thrown [s\open\src\hotspot\share\prims\jni.cpp, line 520]
Event: 3.587 Thread 0x00000239811ddbd0 Exception <a 'sun/nio/fs/WindowsException'{0x0000000714906870}> (0x0000000714906870) 
thrown [s\open\src\hotspot\share\prims\jni.cpp, line 520]
Event: 3.587 Thread 0x00000239811ddbd0 Exception <a 'sun/nio/fs/WindowsException'{0x0000000714907518}> (0x0000000714907518) 
thrown [s\open\src\hotspot\share\prims\jni.cpp, line 520]
Event: 3.587 Thread 0x00000239811ddbd0 Exception <a 'sun/nio/fs/WindowsException'{0x0000000714908cd0}> (0x0000000714908cd0) 
thrown [s\open\src\hotspot\share\prims\jni.cpp, line 520]
Event: 3.589 Thread 0x00000239811ddbd0 Exception <a 'sun/nio/fs/WindowsException'{0x000000071490b368}> (0x000000071490b368) 
thrown [s\open\src\hotspot\share\prims\jni.cpp, line 520]
Event: 3.589 Thread 0x00000239811ddbd0 Exception <a 'sun/nio/fs/WindowsException'{0x000000071490d198}> (0x000000071490d198) 
thrown [s\open\src\hotspot\share\prims\jni.cpp, line 520]
Event: 3.589 Thread 0x00000239811ddbd0 Exception <a 'sun/nio/fs/WindowsException'{0x000000071490de48}> (0x000000071490de48) 
thrown [s\open\src\hotspot\share\prims\jni.cpp, line 520]
Event: 3.590 Thread 0x00000239811ddbd0 Exception <a 'sun/nio/fs/WindowsException'{0x000000071490f460}> (0x000000071490f460) 
thrown [s\open\src\hotspot\share\prims\jni.cpp, line 520]
Event: 3.591 Thread 0x00000239811ddbd0 Exception <a 'sun/nio/fs/WindowsException'{0x000000071491f418}> (0x000000071491f418) 
thrown [s\open\src\hotspot\share\prims\jni.cpp, line 520]
Event: 3.592 Thread 0x00000239811ddbd0 Exception <a 'sun/nio/fs/WindowsException'{0x00000007149bf5d8}> (0x00000007149bf5d8) 
thrown [s\open\src\hotspot\share\prims\jni.cpp, line 520]
Event: 3.593 Thread 0x00000239811ddbd0 Exception <a 'sun/nio/fs/WindowsException'{0x00000007149c0000}> (0x00000007149c0000) 
thrown [s\open\src\hotspot\share\prims\jni.cpp, line 520]

ZGC Phase Switch (0 events):
No events

VM Operations (20 events):
Event: 3.029 Executing VM operation: HandshakeAllThreads (Deoptimize)
Event: 3.029 Executing VM operation: HandshakeAllThreads (Deoptimize) done
Event: 3.166 Executing VM operation: HandshakeAllThreads (Deoptimize)
Event: 3.166 Executing VM operation: HandshakeAllThreads (Deoptimize) done
Event: 3.167 Executing VM operation: HandshakeAllThreads (Deoptimize)
Event: 3.167 Executing VM operation: HandshakeAllThreads (Deoptimize) done
Event: 3.176 Executing VM operation: HandshakeAllThreads (Deoptimize)
Event: 3.177 Executing VM operation: HandshakeAllThreads (Deoptimize) done
Event: 3.264 Executing VM operation: HandshakeAllThreads (Deoptimize)
Event: 3.264 Executing VM operation: HandshakeAllThreads (Deoptimize) done
Event: 3.329 Executing VM operation: HandshakeAllThreads (Deoptimize)
Event: 3.329 Executing VM operation: HandshakeAllThreads (Deoptimize) done
Event: 3.334 Executing VM operation: HandshakeAllThreads (Deoptimize)
Event: 3.334 Executing VM operation: HandshakeAllThreads (Deoptimize) done
Event: 3.481 Executing VM operation: ICBufferFull
Event: 3.482 Executing VM operation: ICBufferFull done
Event: 3.510 Executing VM operation: G1CollectForAllocation (G1 Evacuation Pause)
Event: 3.522 Executing VM operation: G1CollectForAllocation (G1 Evacuation Pause) done
Event: 3.525 Executing VM operation: HandshakeAllThreads (Deoptimize)
Event: 3.525 Executing VM operation: HandshakeAllThreads (Deoptimize) done

Events (20 events):
Event: 0.042 Thread 0x00000239e800b780 Thread added: 0x00000239e800b780
Event: 0.042 Thread 0x00000239a285d690 Thread added: 0x00000239a285d690
Event: 0.058 Thread 0x00000239e813abb0 Thread added: 0x00000239e813abb0
Event: 0.061 Thread 0x00000239e814d2e0 Thread added: 0x00000239e814d2e0
Event: 0.065 Thread 0x00000239e814fa40 Thread added: 0x00000239e814fa40
Event: 0.139 Thread 0x00000239e8232970 Thread added: 0x00000239e8232970
Event: 0.304 Thread 0x00000239e85b9d90 Thread added: 0x00000239e85b9d90
Event: 0.305 Thread 0x00000239e85c2fa0 Thread added: 0x00000239e85c2fa0
Event: 0.556 Thread 0x00000239e87a1f70 Thread added: 0x00000239e87a1f70
Event: 0.564 Thread 0x00000239e8fef8e0 Thread added: 0x00000239e8fef8e0
Event: 0.564 Thread 0x00000239e8fcf040 Thread added: 0x00000239e8fcf040
Event: 0.564 Thread 0x00000239e9080f80 Thread added: 0x00000239e9080f80
Event: 0.564 Thread 0x00000239e9081630 Thread added: 0x00000239e9081630
Event: 0.564 Thread 0x00000239e90820f0 Thread added: 0x00000239e90820f0
Event: 1.263 Thread 0x00000239e90820f0 Thread exited: 0x00000239e90820f0
Event: 1.871 Thread 0x00000239e9081630 Thread exited: 0x00000239e9081630
Event: 3.011 Thread 0x00000239e9080f80 Thread exited: 0x00000239e9080f80
Event: 3.324 Thread 0x00000239ea71c4d0 Thread added: 0x00000239ea71c4d0
Event: 3.374 Thread 0x00000239ea71a990 Thread added: 0x00000239ea71a990
Event: 3.467 Thread 0x00000239ea71b730 Thread added: 0x00000239ea71b730


Dynamic libraries:
0x00007ff6e0a30000 - 0x00007ff6e0a40000 	C:\Program Files\Java\jdk-21\bin\java.exe
0x00007fff1ea10000 - 0x00007fff1ec26000 	C:\WINDOWS\SYSTEM32\ntdll.dll
0x00007fff1d380000 - 0x00007fff1d444000 	C:\WINDOWS\System32\KERNEL32.DLL
0x00007fff1c260000 - 0x00007fff1c606000 	C:\WINDOWS\System32\KERNELBASE.dll
0x00007fff1bf80000 - 0x00007fff1c091000 	C:\WINDOWS\System32\ucrtbase.dll
0x00007fff08540000 - 0x00007fff0855b000 	C:\Program Files\Java\jdk-21\bin\VCRUNTIME140.dll
0x00007fff16740000 - 0x00007fff16759000 	C:\Program Files\Java\jdk-21\bin\jli.dll
0x00007fff1c990000 - 0x00007fff1ca42000 	C:\WINDOWS\System32\ADVAPI32.dll
0x00007fff1e920000 - 0x00007fff1e9c7000 	C:\WINDOWS\System32\msvcrt.dll
0x00007fff1d600000 - 0x00007fff1d6a8000 	C:\WINDOWS\System32\sechost.dll
0x00007fff1c1b0000 - 0x00007fff1c1d8000 	C:\WINDOWS\System32\bcrypt.dll
0x00007fff1da70000 - 0x00007fff1db85000 	C:\WINDOWS\System32\RPCRT4.dll
0x00007fff1e030000 - 0x00007fff1e1dd000 	C:\WINDOWS\System32\USER32.dll
0x00007fff0a1e0000 - 0x00007fff0a473000 	C:\WINDOWS\WinSxS\amd64_microsoft.windows.common-controls_6595b64144ccf1df_6.0.22621.3235_none_270f74e173860f98\COMCTL32.dll
0x00007fff1c730000 - 0x00007fff1c756000 	C:\WINDOWS\System32\win32u.dll
0x00007fff1c7c0000 - 0x00007fff1c7e9000 	C:\WINDOWS\System32\GDI32.dll
0x00007fff1c610000 - 0x00007fff1c728000 	C:\WINDOWS\System32\gdi32full.dll
0x00007fff1c110000 - 0x00007fff1c1aa000 	C:\WINDOWS\System32\msvcp_win.dll
0x00007fff14b10000 - 0x00007fff14b1a000 	C:\WINDOWS\SYSTEM32\VERSION.dll
0x00007fff1ca70000 - 0x00007fff1caa1000 	C:\WINDOWS\System32\IMM32.DLL
0x00007fff18d40000 - 0x00007fff18d4c000 	C:\Program Files\Java\jdk-21\bin\vcruntime140_1.dll
0x00007ffee3d10000 - 0x00007ffee3d9e000 	C:\Program Files\Java\jdk-21\bin\msvcp140.dll
0x00007ffe92f10000 - 0x00007ffe93c25000 	C:\Program Files\Java\jdk-21\bin\server\jvm.dll
0x00007fff1dc90000 - 0x00007fff1dd01000 	C:\WINDOWS\System32\WS2_32.dll
0x00007fff1ba70000 - 0x00007fff1babd000 	C:\WINDOWS\SYSTEM32\POWRPROF.dll
0x00007fff14cf0000 - 0x00007fff14d24000 	C:\WINDOWS\SYSTEM32\WINMM.dll
0x00007fff1ba40000 - 0x00007fff1ba53000 	C:\WINDOWS\SYSTEM32\UMPDC.dll
0x00007fff1ad50000 - 0x00007fff1ad68000 	C:\WINDOWS\SYSTEM32\kernel.appcore.dll
0x00007fff17130000 - 0x00007fff1713a000 	C:\Program Files\Java\jdk-21\bin\jimage.dll
0x00007fff12450000 - 0x00007fff12683000 	C:\WINDOWS\SYSTEM32\DBGHELP.DLL
0x00007fff1d6e0000 - 0x00007fff1da68000 	C:\WINDOWS\System32\combase.dll
0x00007fff1e840000 - 0x00007fff1e917000 	C:\WINDOWS\System32\OLEAUT32.dll
0x00007fff12120000 - 0x00007fff12152000 	C:\WINDOWS\SYSTEM32\dbgcore.DLL
0x00007fff1c1e0000 - 0x00007fff1c25a000 	C:\WINDOWS\System32\bcryptPrimitives.dll
0x00007fff08440000 - 0x00007fff0845f000 	C:\Program Files\Java\jdk-21\bin\java.dll
0x00007fff1cb10000 - 0x00007fff1d36c000 	C:\WINDOWS\System32\SHELL32.dll
0x00007fff19c60000 - 0x00007fff1a558000 	C:\WINDOWS\SYSTEM32\windows.storage.dll
0x00007fff19b20000 - 0x00007fff19c5e000 	C:\WINDOWS\SYSTEM32\wintypes.dll
0x00007fff1e240000 - 0x00007fff1e333000 	C:\WINDOWS\System32\SHCORE.dll
0x00007fff1db90000 - 0x00007fff1dbee000 	C:\WINDOWS\System32\shlwapi.dll
0x00007fff1bc80000 - 0x00007fff1bca6000 	C:\WINDOWS\SYSTEM32\profapi.dll
0x00007ffebd9e0000 - 0x00007ffebdab7000 	C:\Program Files\Java\jdk-21\bin\jsvml.dll
0x00007fff17000000 - 0x00007fff17010000 	C:\Program Files\Java\jdk-21\bin\net.dll
0x00007fff162a0000 - 0x00007fff163d7000 	C:\WINDOWS\SYSTEM32\WINHTTP.dll
0x00007fff1b1d0000 - 0x00007fff1b239000 	C:\WINDOWS\system32\mswsock.dll
0x00007fff068c0000 - 0x00007fff068d6000 	C:\Program Files\Java\jdk-21\bin\nio.dll
0x00007ffefcab0000 - 0x00007ffefcac8000 	C:\Program Files\Java\jdk-21\bin\zip.dll
0x0000000069ac0000 - 0x0000000069ae4000 	C:\Program Files\NetBeans-20\netbeans\java\maven\lib\jansi-native\Windows\x86_64\jansi.dll
0x00007fff09f20000 - 0x00007fff09f30000 	C:\Program Files\Java\jdk-21\bin\verify.dll

dbghelp: loaded successfully - version: 4.0.5 - missing functions: none
symbol engine: initialized successfully - sym options: 0x614 - pdb path: .;C:\Program Files\Java\jdk-21\bin;C:\WINDOWS\SYSTEM32;C:\WINDOWS\WinSxS\amd64_microsoft.windows.common-controls_6595b64144ccf1df_6.0.22621.3235_none_270f74e173860f98;C:\Program Files\Java\jdk-21\bin\server;C:\Program Files\NetBeans-20\netbeans\java\maven\lib\jansi-native\Windows\x86_64

VM Arguments:
jvm_args: -Dclassworlds.conf=C:\Program Files\NetBeans-20\netbeans\java\maven\bin\m2.conf -Dmaven.home=C:\Program Files\NetBeans-20\netbeans\java\maven -Dlibrary.jansi.path=C:\Program Files\NetBeans-20\netbeans\java\maven\lib\jansi-native -Dmaven.multiModuleProjectDirectory=C:\Users\jairus\Documents\GitHub\INF234\FinalProject_ATM 
java_command: org.codehaus.plexus.classworlds.launcher.Launcher -Dexec.vmArgs= -Dexec.args=${exec.vmArgs} -classpath %classpath ${exec.mainClass} ${exec.appArgs} -Dexec.executable=C:\Program Files\Java\jdk-21\bin\java.exe -Dexec.mainClass=settings.printPDFReceipts -Dexec.classpathScope=runtime -Dexec.appArgs= -Dmaven.ext.class.path=C:\Program Files\NetBeans-20\netbeans\java\maven-nblib\netbeans-eventspy.jar --no-transfer-progress process-classes org.codehaus.mojo:exec-maven-plugin:3.1.0:exec
java_class_path (initial): C:\Program Files\NetBeans-20\netbeans\java\maven\boot\plexus-classworlds-2.7.0.jar
Launcher Type: SUN_STANDARD

[Global flags]
     intx CICompilerCount                          = 12                                        {product} {ergonomic}
     uint ConcGCThreads                            = 3                                         {product} {ergonomic}
     uint G1ConcRefinementThreads                  = 13                                        {product} {ergonomic}
   size_t G1HeapRegionSize                         = 2097152                                   {product} {ergonomic}
    uintx GCDrainStackTargetSize                   = 64                                        {product} {ergonomic}
   size_t InitialHeapSize                          = 260046848                                 {product} {ergonomic}
   size_t MarkStackSize                            = 4194304                                   {product} {ergonomic}
   size_t MaxHeapSize                              = 4139778048                                {product} {ergonomic}
   size_t MaxNewSize                               = 2483027968                                {product} {ergonomic}
   size_t MinHeapDeltaBytes                        = 2097152                                   {product} {ergonomic}
   size_t MinHeapSize                              = 8388608                                   {product} {ergonomic}
    uintx NonNMethodCodeHeapSize                   = 7602480                                {pd product} {ergonomic}
    uintx NonProfiledCodeHeapSize                  = 122027880                              {pd product} {ergonomic}
    uintx ProfiledCodeHeapSize                     = 122027880                              {pd product} {ergonomic}
    uintx ReservedCodeCacheSize                    = 251658240                              {pd product} {ergonomic}
     bool SegmentedCodeCache                       = true                                      {product} {ergonomic}
   size_t SoftMaxHeapSize                          = 4139778048                             {manageable} {ergonomic}
     bool UseCompressedOops                        = true                           {product lp64_product} {ergonomic}
     bool UseG1GC                                  = true                                      {product} {ergonomic}
     bool UseLargePagesIndividualAllocation        = false                                  {pd product} {ergonomic}

Logging:
Log output configuration:
 #0: stdout all=warning uptime,level,tags foldmultilines=false
 #1: stderr all=off uptime,level,tags foldmultilines=false

Environment Variables:
JAVA_HOME=C:\Program Files\Java\jdk-21
PATH=C:\Program Files\Common Files\Oracle\Java\javapath;C:\Windows\system32;C:\Windows;C:\Windows\System32\Wbem;C:\Windows\System32\WindowsPowerShell\v1.0\;C:\Windows\System32\OpenSSH\;C:\Program Files (x86)\NVIDIA Corporation\PhysX\Common;C:\Program Files\NVIDIA Corporation\NVIDIA NvDLISR;C:\WINDOWS\system32;C:\WINDOWS;C:\WINDOWS\System32\Wbem;C:\WINDOWS\System32\WindowsPowerShell\v1.0\;C:\WINDOWS\System32\OpenSSH\;C:\Program Files\Git\cmd;C:\Users\jairus\AppData\Local\Programs\Python\Launcher\;C:\Users\jairus\AppData\Local\Microsoft\WindowsApps;C:\Users\jairus\AppData\Local\Programs\Microsoft VS Code\bin;C:\Users\jairus\AppData\Local\GitHubDesktop\bin
USERNAME=jairus
OS=Windows_NT
PROCESSOR_IDENTIFIER=AMD64 Family 23 Model 96 Stepping 1, AuthenticAMD
TMP=C:\Users\jairus\AppData\Local\Temp
TEMP=C:\Users\jairus\AppData\Local\Temp




Periodic native trim disabled

---------------  S Y S T E M  ---------------

OS:
 Windows 11 , 64 bit Build 22621 (10.0.22621.3235)
OS uptime: 0 days 8:30 hours
Hyper-V role detected

CPU: total 16 (initial active 16) (16 cores per cpu, 2 threads per core) family 23 model 96 stepping 1 microcode 0x0, cx8, cmov, fxsr, ht, mmx, 3dnowpref, sse, sse2, sse3, ssse3, sse4a, sse4.1, sse4.2, popcnt, lzcnt, tsc, tscinvbit, avx, avx2, aes, clmul, bmi1, bmi2, adx, sha, fma, vzeroupper, clflush, clflushopt, hv, rdtscp, rdpid, f16c
Processor Information for all 16 processors :
  Max Mhz: 2901, Current Mhz: 2901, Mhz Limit: 2901

Memory: 4k page, system-wide physical 15789M (3318M free)
TotalPageFile size 20541M (AvailPageFile size 3188M)
current process WorkingSet (physical memory assigned to process): 195M, peak: 197M
current process commit charge ("private bytes"): 240M, peak: 417M

vm_info: Java HotSpot(TM) 64-Bit Server VM (21.0.1+12-LTS-29) for windows-amd64 JRE (21.0.1+12-LTS-29), built on 2023-10-05T13:27:09Z by "mach5one" with MS VC++ 17.1 (VS2022)

END.
