#
# A fatal error has been detected by the Java Runtime Environment:
#
#  EXCEPTION_ILLEGAL_INSTRUCTION (0xc000001d) at pc=0x00007ffe92f1edd6, pid=2280, tid=47836
#
# JRE version: Java(TM) SE Runtime Environment (21.0.1+12) (build 21.0.1+12-LTS-29)
# Java VM: Java HotSpot(TM) 64-Bit Server VM (21.0.1+12-LTS-29, mixed mode, sharing, tiered, compressed oops, compressed class ptrs, g1 gc, windows-amd64)
# Problematic frame:
# V  [jvm.dll+0xedd6]
#
# No core dump will be written. Minidumps are not enabled by default on client versions of Windows
#
# If you would like to submit a bug report, please visit:
#   https://bugreport.java.com/bugreport/crash.jsp
#

---------------  S U M M A R Y ------------

Command Line: -Dclassworlds.conf=C:\Program Files\NetBeans-20\netbeans\java\maven\bin\m2.conf -Dmaven.home=C:\Program Files\NetBeans-20\netbeans\java\maven -Dlibrary.jansi.path=C:\Program Files\NetBeans-20\netbeans\java\maven\lib\jansi-native -Dmaven.multiModuleProjectDirectory=C:\Users\jairus\Documents\GitHub\INF234\FinalProject_ATM org.codehaus.plexus.classworlds.launcher.Launcher -Dexec.vmArgs= -Dexec.args=${exec.vmArgs} -classpath %classpath ${exec.mainClass} ${exec.appArgs} -Dexec.executable=C:\Program Files\Java\jdk-21\bin\java.exe -Dexec.mainClass=settings.printPDFReceipts -Dexec.classpathScope=runtime -Dexec.appArgs= -Dmaven.ext.class.path=C:\Program Files\NetBeans-20\netbeans\java\maven-nblib\netbeans-eventspy.jar --no-transfer-progress process-classes org.codehaus.mojo:exec-maven-plugin:3.1.0:exec

Host: AMD Ryzen 7 4800H with Radeon Graphics         , 16 cores, 15G,  Windows 11 , 64 bit Build 22621 (10.0.22621.3235)
Time: Mon Mar  4 12:42:52 2024 China Standard Time elapsed time: 3.302728 seconds (0d 0h 0m 3s)

---------------  T H R E A D  ---------------

Current thread (0x0000021ae23c8f10):  JavaThread "C1 CompilerThread1" daemon [_thread_in_native, id=47836, stack(0x000000d13bd00000,0x000000d13be00000) (1024K)]


Current CompileTask:
C1:   3302 5155       3       com.sun.tools.javac.code.Types::isSignaturePolymorphic (111 bytes)

Stack: [0x000000d13bd00000,0x000000d13be00000],  sp=0x000000d13bdfe120,  free space=1016k
Native frames: (J=compiled Java code, j=interpreted, Vv=VM code, C=native code)
V  [jvm.dll+0xedd6]
C  0x0000021ae2f24b20


siginfo: EXCEPTION_ILLEGAL_INSTRUCTION (0xc000001d)


Registers:
RAX=0x0000021b28a3d3c0, RBX=0x000000d13bdfe140, RCX=0x0000021ae293e060, RDX=0x0000000000000001
RSP=0x000000d13bdfe120, RBP=0x000000d13bdfe190, RSI=0x000000d13bdfe390, RDI=0x00007ffe92f10000
R8 =0x0000021ae2f25c33, R9 =0x0000021ae21f7870, R10=0x0000021ac05593d0, R11=0x0000021b2539ad90
R12=0x0000000000000000, R13=0x0000000000000000, R14=0x0000000000000000, R15=0x0000000000000000
RIP=0x00007ffe92f1edd6, EFLAGS=0x0000000000010247


Register to memory mapping:

RAX=0x0000021b28a3d3c0 points into unknown readable memory: 0x0000000000000000 | 00 00 00 00 00 00 00 00
RBX=0x000000d13bdfe140 is pointing into the stack for thread: 0x0000021ae23c8f10
RCX=0x0000021ae293e060 points into unknown readable memory: 0x00007ffe938abc20 | 20 bc 8a 93 fe 7f 00 00
RDX=0x0000000000000001 is an unknown value
RSP=0x000000d13bdfe120 is pointing into the stack for thread: 0x0000021ae23c8f10
RBP=0x000000d13bdfe190 is pointing into the stack for thread: 0x0000021ae23c8f10
RSI=0x000000d13bdfe390 is pointing into the stack for thread: 0x0000021ae23c8f10
RDI=0x00007ffe92f10000 jvm.dll
R8 =0x0000021ae2f25c33 points into unknown readable memory: a5 00 14 2b cb
R9 =0x0000021ae21f7870 points into unknown readable memory: 0x0000000000000007 | 07 00 00 00 00 00 00 00
R10=0x0000021ac05593d0 points into unknown readable memory: 0x0000001e00000001 | 01 00 00 00 1e 00 00 00
R11={method} {0x0000021b2539ad98} 'isSignaturePolymorphic' '(Lcom/sun/tools/javac/code/Symbol$MethodSymbol;)Z' in 'com/sun/tools/javac/code/Types'
R12=0x0 is null
R13=0x0 is null
R14=0x0 is null
R15=0x0 is null

Top of Stack: (sp=0x000000d13bdfe120)
0x000000d13bdfe120:   0000021ae2f25c01 000000d13bdfe300
0x000000d13bdfe130:   0000021ae2f27be0 00007ffe93b241e0
0x000000d13bdfe140:   0000021ae2f24bd0 0000021ae2f24b20
0x000000d13bdfe150:   0000021ae2f25c33 0000000000000000
0x000000d13bdfe160:   0000021b28a3c218 0000021ae2f25c10
0x000000d13bdfe170:   0000021ae2f25c7f 0000021ae2f25c33
0x000000d13bdfe180:   000000cb000000b4 00007ffe930bf1c9
0x000000d13bdfe190:   000000d13bdfe740 0000000000000000
0x000000d13bdfe1a0:   0000000000000000 ffffffffffffffff
0x000000d13bdfe1b0:   0000021b28a3c480 0000021b28a3e3f0
0x000000d13bdfe1c0:   0000000000000000 00007ffe9306eb35
0x000000d13bdfe1d0:   0000000000000000 0000000000000000
0x000000d13bdfe1e0:   000000d13bdfe390 0000021b28a3c480
0x000000d13bdfe1f0:   0000021b28a3ab60 00007ffe9306884e
0x000000d13bdfe200:   000000d13bdfe390 000000d13bdfe300
0x000000d13bdfe210:   0000021b28a3c218 0000021ae2f24bd0
0x000000d13bdfe220:   0000000000000002 000000d13bdfe320
0x000000d13bdfe230:   000000d13bdfe740 0000021b28a3ab60
0x000000d13bdfe240:   0000001000000009 0000021b28a3ac90
0x000000d13bdfe250:   0000000000000000 0000021b28a3ad10
0x000000d13bdfe260:   0000006f0000006f 0000021b28a3b0a0
0x000000d13bdfe270:   0000000000000000 0000000000000000
0x000000d13bdfe280:   0000000000000000 0000000000000000
0x000000d13bdfe290:   0000000000000000 0000000900000000
0x000000d13bdfe2a0:   0000021b28a3d3d0 0000000000000000
0x000000d13bdfe2b0:   0000000000000000 00007ffe00000000
0x000000d13bdfe2c0:   00000000000000a7 00007ffe93106b00
0x000000d13bdfe2d0:   00000000000000a7 000000d1000000b6
0x000000d13bdfe2e0:   0000021b28a3abb0 00007ffe9304ef6f
0x000000d13bdfe2f0:   0000000000000001 00000000ffffffff
0x000000d13bdfe300:   000000d13bdfeeb0 0000021ae2f24bd0
0x000000d13bdfe310:   0000021b28a3abd8 00007ffe93078803 

Instructions: (pc=0x00007ffe92f1edd6)
0x00007ffe92f1ecd6:   77 03 89 11 c3 c7 01 ff ff ff ff c3 cc cc cc cc
0x00007ffe92f1ece6:   cc cc cc cc cc cc cc cc cc cc 48 8b c1 83 fa 0f
0x00007ffe92f1ecf6:   77 03 89 11 c3 c7 01 ff ff ff ff c3 cc cc cc cc
0x00007ffe92f1ed06:   cc cc cc cc cc cc cc cc cc cc 48 8b c1 83 fa 1f
0x00007ffe92f1ed16:   77 03 89 11 c3 c7 01 ff ff ff ff c3 cc cc cc cc
0x00007ffe92f1ed26:   cc cc cc cc cc cc cc cc cc cc 48 83 ec 68 44 8b
0x00007ffe92f1ed36:   05 19 13 8f 00 33 c0 f7 da 48 89 44 24 40 89 44
0x00007ffe92f1ed46:   24 48 48 8d 05 79 a2 8f 00 89 54 24 30 48 8d 54
0x00007ffe92f1ed56:   24 20 48 89 44 24 38 c7 44 24 20 04 00 00 00 48
0x00007ffe92f1ed66:   c7 44 24 24 ff ff ff ff c7 44 24 2c ff ff ff ff
0x00007ffe92f1ed76:   c6 44 24 34 00 e8 e0 c9 0e 00 48 83 c4 68 c3 cc
0x00007ffe92f1ed86:   cc cc cc cc cc cc cc cc cc cc 49 8b 40 08 41 8b
0x00007ffe92f1ed96:   c9 48 8b 0c c8 48 8b 42 18 44 8b 41 28 4a 0f bf
0x00007ffe92f1eda6:   4c 80 02 48 8d 05 a0 ac 8e 00 0f b6 04 01 c3 cc
0x00007ffe92f1edb6:   cc cc cc cc cc cc cc cc cc cc 33 c0 c3 cc cc cc
0x00007ffe92f1edc6:   cc cc cc cc cc cc cc cc cc cc 48 83 ec 28 83 f9
0x00007ffe92f1edd6:   17 77 57 48 63 c1 48 8d 15 1d 12 ff ff 0f b6 84
0x00007ffe92f1ede6:   02 60 ee 00 00 8b 8c 82 44 ee 00 00 48 03 ca ff
0x00007ffe92f1edf6:   e1 33 c0 48 83 c4 28 c3 b8 04 00 00 00 48 83 c4
0x00007ffe92f1ee06:   28 c3 b8 02 00 00 00 48 83 c4 28 c3 b8 05 00 00
0x00007ffe92f1ee16:   00 48 83 c4 28 c3 b8 01 00 00 00 48 83 c4 28 c3
0x00007ffe92f1ee26:   b8 06 00 00 00 48 83 c4 28 c3 ba d7 0a 00 00 48
0x00007ffe92f1ee36:   8d 0d e4 47 90 00 e8 af 1c 27 00 cc 66 90 f7 ed
0x00007ffe92f1ee46:   00 00 26 ee 00 00 1c ee 00 00 fe ed 00 00 08 ee
0x00007ffe92f1ee56:   00 00 12 ee 00 00 30 ee 00 00 00 01 06 02 03 04
0x00007ffe92f1ee66:   06 05 06 06 06 06 06 06 06 06 06 01 06 02 06 04
0x00007ffe92f1ee76:   06 05 cc cc cc cc cc cc cc cc 48 83 ec 28 83 f9
0x00007ffe92f1ee86:   07 77 4f 48 63 c1 48 8d 15 6d 11 ff ff 8b 8c 82
0x00007ffe92f1ee96:   ec ee 00 00 48 03 ca ff e1 33 c0 48 83 c4 28 c3
0x00007ffe92f1eea6:   b8 04 00 00 00 48 83 c4 28 c3 b8 12 00 00 00 48
0x00007ffe92f1eeb6:   83 c4 28 c3 b8 1d 00 00 00 48 83 c4 28 c3 b8 11
0x00007ffe92f1eec6:   00 00 00 48 83 c4 28 c3 b8 1e 00 00 00 48 83 c4 


Stack slot to memory mapping:

stack at sp + 0 slots: 0x0000021ae2f25c01 points into unknown readable memory: 00 00 00 00 00 00 00
stack at sp + 1 slots: 0x000000d13bdfe300 is pointing into the stack for thread: 0x0000021ae23c8f10
stack at sp + 2 slots: 0x0000021ae2f27be0 points into unknown readable memory: 0x0000000000000001 | 01 00 00 00 00 00 00 00
stack at sp + 3 slots: 0x00007ffe93b241e0 jvm.dll
stack at sp + 4 slots: 0x0000021ae2f24bd0 points into unknown readable memory: 0x00007ffe938bac80 | 80 ac 8b 93 fe 7f 00 00
stack at sp + 5 slots: 0x0000021ae2f24b20 points into unknown readable memory: 0x00007ffe938ba768 | 68 a7 8b 93 fe 7f 00 00
stack at sp + 6 slots: 0x0000021ae2f25c33 points into unknown readable memory: a5 00 14 2b cb
stack at sp + 7 slots: 0x0 is null


---------------  P R O C E S S  ---------------

Threads class SMR info:
_java_thread_list=0x0000021b2a843160, length=21, elements={
0x0000021ac0551750, 0x0000021ae21f4b80, 0x0000021ae21f5350, 0x0000021ae21f7c70,
0x0000021ae21fcc80, 0x0000021ae21fabb0, 0x0000021ae21f9800, 0x0000021ae220c000,
0x0000021ae220fce0, 0x0000021ae23c8f10, 0x0000021ae21f9e90, 0x0000021ae21fb240,
0x0000021ae23c9cb0, 0x0000021ae23ca380, 0x0000021ae23c8840, 0x0000021ae23caa50,
0x0000021ae23c95e0, 0x0000021ae23cb7f0, 0x0000021ae23cbec0, 0x0000021b2a622450,
0x0000021b2a61d960
}

Java Threads: ( => current thread )
  0x0000021ac0551750 JavaThread "main"                              [_thread_in_Java, id=8968, stack(0x000000d13ad00000,0x000000d13ae00000) (1024K)]
  0x0000021ae21f4b80 JavaThread "Reference Handler"          daemon [_thread_blocked, id=44356, stack(0x000000d13b500000,0x000000d13b600000) (1024K)]
  0x0000021ae21f5350 JavaThread "Finalizer"                  daemon [_thread_blocked, id=1100, stack(0x000000d13b600000,0x000000d13b700000) (1024K)]
  0x0000021ae21f7c70 JavaThread "Signal Dispatcher"          daemon [_thread_blocked, id=42920, stack(0x000000d13b700000,0x000000d13b800000) (1024K)]
  0x0000021ae21fcc80 JavaThread "Attach Listener"            daemon [_thread_blocked, id=44512, stack(0x000000d13b800000,0x000000d13b900000) (1024K)]
  0x0000021ae21fabb0 JavaThread "Service Thread"             daemon [_thread_blocked, id=46704, stack(0x000000d13b900000,0x000000d13ba00000) (1024K)]
  0x0000021ae21f9800 JavaThread "Monitor Deflation Thread"   daemon [_thread_blocked, id=1912, stack(0x000000d13ba00000,0x000000d13bb00000) (1024K)]
  0x0000021ae220c000 JavaThread "C2 CompilerThread0"         daemon [_thread_in_native, id=44416, stack(0x000000d13bb00000,0x000000d13bc00000) (1024K)]
  0x0000021ae220fce0 JavaThread "C1 CompilerThread0"         daemon [_thread_blocked, id=44600, stack(0x000000d13bc00000,0x000000d13bd00000) (1024K)]
=>0x0000021ae23c8f10 JavaThread "C1 CompilerThread1"         daemon [_thread_in_native, id=47836, stack(0x000000d13bd00000,0x000000d13be00000) (1024K)]
  0x0000021ae21f9e90 JavaThread "Notification Thread"        daemon [_thread_blocked, id=43004, stack(0x000000d13be00000,0x000000d13bf00000) (1024K)]
  0x0000021ae21fb240 JavaThread "Common-Cleaner"             daemon [_thread_blocked, id=17696, stack(0x000000d13bf00000,0x000000d13c000000) (1024K)]
  0x0000021ae23c9cb0 JavaThread "C2 CompilerThread1"         daemon [_thread_in_native, id=42580, stack(0x000000d13c000000,0x000000d13c100000) (1024K)]
  0x0000021ae23ca380 JavaThread "C1 CompilerThread2"         daemon [_thread_blocked, id=39692, stack(0x000000d13c100000,0x000000d13c200000) (1024K)]
  0x0000021ae23c8840 JavaThread "C1 CompilerThread3"         daemon [_thread_in_vm, id=47236, stack(0x000000d13c200000,0x000000d13c300000) (1024K)]
  0x0000021ae23caa50 JavaThread "C2 CompilerThread2"         daemon [_thread_in_native, id=44648, stack(0x000000d13c300000,0x000000d13c400000) (1024K)]
  0x0000021ae23c95e0 JavaThread "C2 CompilerThread3"         daemon [_thread_in_native, id=2996, stack(0x000000d13c400000,0x000000d13c500000) (1024K)]
  0x0000021ae23cb7f0 JavaThread "C2 CompilerThread4"         daemon [_thread_in_native, id=2216, stack(0x000000d13c500000,0x000000d13c600000) (1024K)]
  0x0000021ae23cbec0 JavaThread "C2 CompilerThread5"         daemon [_thread_in_native, id=48004, stack(0x000000d13d400000,0x000000d13d500000) (1024K)]
  0x0000021b2a622450 JavaThread "C2 CompilerThread6"         daemon [_thread_in_native, id=17800, stack(0x000000d13d500000,0x000000d13d600000) (1024K)]
  0x0000021b2a61d960 JavaThread "C2 CompilerThread7"         daemon [_thread_in_native, id=46532, stack(0x000000d13d600000,0x000000d13d700000) (1024K)]
Total: 21

Other Threads:
  0x0000021ae21d5200 VMThread "VM Thread"                           [id=46248, stack(0x000000d13b400000,0x000000d13b500000) (1024K)]
  0x0000021ae21bae90 WatcherThread "VM Periodic Task Thread"        [id=4064, stack(0x000000d13b300000,0x000000d13b400000) (1024K)]
  0x0000021ac28bd0b0 WorkerThread "GC Thread#0"                     [id=42492, stack(0x000000d13ae00000,0x000000d13af00000) (1024K)]
  0x0000021b28a679f0 WorkerThread "GC Thread#1"                     [id=41580, stack(0x000000d13c900000,0x000000d13ca00000) (1024K)]
  0x0000021b28a67d90 WorkerThread "GC Thread#2"                     [id=45968, stack(0x000000d13ca00000,0x000000d13cb00000) (1024K)]
  0x0000021b28dee870 WorkerThread "GC Thread#3"                     [id=34444, stack(0x000000d13cb00000,0x000000d13cc00000) (1024K)]
  0x0000021b28deec10 WorkerThread "GC Thread#4"                     [id=8960, stack(0x000000d13cc00000,0x000000d13cd00000) (1024K)]
  0x0000021b2929a560 WorkerThread "GC Thread#5"                     [id=44000, stack(0x000000d13cd00000,0x000000d13ce00000) (1024K)]
  0x0000021b28ec7380 WorkerThread "GC Thread#6"                     [id=18348, stack(0x000000d13ce00000,0x000000d13cf00000) (1024K)]
  0x0000021b28ec7720 WorkerThread "GC Thread#7"                     [id=47572, stack(0x000000d13cf00000,0x000000d13d000000) (1024K)]
  0x0000021b28bb4850 WorkerThread "GC Thread#8"                     [id=45268, stack(0x000000d13d000000,0x000000d13d100000) (1024K)]
  0x0000021b29239b40 WorkerThread "GC Thread#9"                     [id=47960, stack(0x000000d13c700000,0x000000d13c800000) (1024K)]
  0x0000021b29239400 WorkerThread "GC Thread#10"                    [id=4800, stack(0x000000d13c800000,0x000000d13c900000) (1024K)]
  0x0000021b29239ee0 WorkerThread "GC Thread#11"                    [id=43176, stack(0x000000d13d100000,0x000000d13d200000) (1024K)]
  0x0000021b29e65fa0 WorkerThread "GC Thread#12"                    [id=46912, stack(0x000000d13c600000,0x000000d13c700000) (1024K)]
  0x0000021ac28ce670 ConcurrentGCThread "G1 Main Marker"            [id=44704, stack(0x000000d13af00000,0x000000d13b000000) (1024K)]
  0x0000021ac28cfa40 WorkerThread "G1 Conc#0"                       [id=44484, stack(0x000000d13b000000,0x000000d13b100000) (1024K)]
  0x0000021b29e63b60 WorkerThread "G1 Conc#1"                       [id=24956, stack(0x000000d13d200000,0x000000d13d300000) (1024K)]
  0x0000021b29e65120 WorkerThread "G1 Conc#2"                       [id=46812, stack(0x000000d13d300000,0x000000d13d400000) (1024K)]
  0x0000021ae208f1c0 ConcurrentGCThread "G1 Refine#0"               [id=45828, stack(0x000000d13b100000,0x000000d13b200000) (1024K)]
  0x0000021ae208f850 ConcurrentGCThread "G1 Service"                [id=7220, stack(0x000000d13b200000,0x000000d13b300000) (1024K)]
Total: 21

Threads with active compile tasks:
C2 CompilerThread0     3326 5183       4       java.util.regex.Pattern::newSlice (181 bytes)
C1 CompilerThread1     3326 5155       3       com.sun.tools.javac.code.Types::isSignaturePolymorphic (111 bytes)
C2 CompilerThread1     3326 4535   !   4       com.sun.tools.javac.parser.JavaTokenizer::readToken (1823 bytes)
C1 CompilerThread3     3326 5184       3       com.sun.tools.javac.jvm.ClassReader::readField (118 bytes)
C2 CompilerThread2     3326 5179       4       com.sun.tools.javac.code.Scope$ScopeImpl::getIndex (101 bytes)
C2 CompilerThread3     3326 5180       4       java.lang.String::indexOf (64 bytes)
C2 CompilerThread4     3326 5106       4       java.util.regex.Pattern::atom (422 bytes)
C2 CompilerThread5     3326 5115       4       com.sun.tools.javac.util.SharedNameTable::fromUtf (190 bytes)
C2 CompilerThread6     3326 5104       4       java.util.regex.Pattern::compile (537 bytes)
C2 CompilerThread7     3326 5188   !   4       java.util.regex.Pattern::RemoveQEQuoting (370 bytes)
Total: 10

VM state: not at safepoint (normal execution)

VM Mutex/Monitor currently owned by a thread: None

Heap address: 0x0000000709400000, size: 3948 MB, Compressed Oops mode: Zero based, Oop shift amount: 3

CDS archive(s) mapped at: [0x0000021ae3000000-0x0000021ae3c90000-0x0000021ae3c90000), size 13172736, SharedBaseAddress: 0x0000021ae3000000, ArchiveRelocationMode: 1.
Compressed class space mapped at: 0x0000021ae4000000-0x0000021b24000000, reserved size: 1073741824
Narrow klass base: 0x0000021ae3000000, Narrow klass shift: 0, Narrow klass range: 0x100000000

GC Precious Log:
 CardTable entry size: 512
 Card Set container configuration: InlinePtr #cards 4 size 8 Array Of Cards #cards 16 size 48 Howl #buckets 8 coarsen threshold 3686 Howl Bitmap #cards 512 size 80 coarsen threshold 460 Card regions per heap region 1 cards per card region 4096
 CPUs: 16 total, 16 available
 Memory: 15789M
 Large Page Support: Disabled
 NUMA Support: Disabled
 Compressed Oops: Enabled (Zero based)
 Heap Region Size: 2M
 Heap Min Capacity: 8M
 Heap Initial Capacity: 248M
 Heap Max Capacity: 3948M
 Pre-touch: Disabled
 Parallel Workers: 13
 Concurrent Workers: 3
 Concurrent Refinement Workers: 13
 Periodic GC: Disabled

Heap:
 garbage-first heap   total 49152K, used 37629K [0x0000000709400000, 0x0000000800000000)
  region size 2048K, 18 young (36864K), 4 survivors (8192K)
 Metaspace       used 25524K, committed 25856K, reserved 1114112K
  class space    used 2934K, committed 3072K, reserved 1048576K

Heap Regions: E=young(eden), S=young(survivor), O=old, HS=humongous(starts), HC=humongous(continues), CS=collection set, F=free, TAMS=top-at-mark-start, PB=parsable bottom
|   0|0x0000000709400000, 0x0000000709600000, 0x0000000709600000|100%| O|  |TAMS 0x0000000709400000| PB 0x0000000709400000| Untracked 
|   1|0x0000000709600000, 0x000000070978c390, 0x0000000709800000| 77%| O|Cm|TAMS 0x0000000709600000| PB 0x0000000709600000| Complete 
|   2|0x0000000709800000, 0x0000000709800000, 0x0000000709a00000|  0%| F|  |TAMS 0x0000000709800000| PB 0x0000000709800000| Untracked 
|   3|0x0000000709a00000, 0x0000000709a00000, 0x0000000709c00000|  0%| F|  |TAMS 0x0000000709a00000| PB 0x0000000709a00000| Untracked 
|   4|0x0000000709c00000, 0x0000000709c00000, 0x0000000709e00000|  0%| F|  |TAMS 0x0000000709c00000| PB 0x0000000709c00000| Untracked 
|   5|0x0000000709e00000, 0x0000000709e00000, 0x000000070a000000|  0%| F|  |TAMS 0x0000000709e00000| PB 0x0000000709e00000| Untracked 
|   6|0x000000070a000000, 0x000000070a200000, 0x000000070a200000|100%| E|  |TAMS 0x000000070a000000| PB 0x000000070a000000| Complete 
|   7|0x000000070a200000, 0x000000070a400000, 0x000000070a400000|100%| E|CS|TAMS 0x000000070a200000| PB 0x000000070a200000| Complete 
|   8|0x000000070a400000, 0x000000070a600000, 0x000000070a600000|100%| E|CS|TAMS 0x000000070a400000| PB 0x000000070a400000| Complete 
|   9|0x000000070a600000, 0x000000070a800000, 0x000000070a800000|100%| E|CS|TAMS 0x000000070a600000| PB 0x000000070a600000| Complete 
|  10|0x000000070a800000, 0x000000070aa00000, 0x000000070aa00000|100%| E|CS|TAMS 0x000000070a800000| PB 0x000000070a800000| Complete 
|  11|0x000000070aa00000, 0x000000070ac00000, 0x000000070ac00000|100%| E|CS|TAMS 0x000000070aa00000| PB 0x000000070aa00000| Complete 
|  12|0x000000070ac00000, 0x000000070ae00000, 0x000000070ae00000|100%| E|CS|TAMS 0x000000070ac00000| PB 0x000000070ac00000| Complete 
|  13|0x000000070ae00000, 0x000000070b000000, 0x000000070b000000|100%| E|CS|TAMS 0x000000070ae00000| PB 0x000000070ae00000| Complete 
|  14|0x000000070b000000, 0x000000070b200000, 0x000000070b200000|100%| E|CS|TAMS 0x000000070b000000| PB 0x000000070b000000| Complete 
|  15|0x000000070b200000, 0x000000070b400000, 0x000000070b400000|100%| E|CS|TAMS 0x000000070b200000| PB 0x000000070b200000| Complete 
|  16|0x000000070b400000, 0x000000070b600000, 0x000000070b600000|100%| E|CS|TAMS 0x000000070b400000| PB 0x000000070b400000| Complete 
|  17|0x000000070b600000, 0x000000070b800000, 0x000000070b800000|100%| E|CS|TAMS 0x000000070b600000| PB 0x000000070b600000| Complete 
|  18|0x000000070b800000, 0x000000070ba00000, 0x000000070ba00000|100%| E|CS|TAMS 0x000000070b800000| PB 0x000000070b800000| Complete 
|  89|0x0000000714600000, 0x0000000714733198, 0x0000000714800000| 59%| S|CS|TAMS 0x0000000714600000| PB 0x0000000714600000| Complete 
|  90|0x0000000714800000, 0x0000000714a00000, 0x0000000714a00000|100%| S|CS|TAMS 0x0000000714800000| PB 0x0000000714800000| Complete 
|  91|0x0000000714a00000, 0x0000000714c00000, 0x0000000714c00000|100%| S|CS|TAMS 0x0000000714a00000| PB 0x0000000714a00000| Complete 
|  92|0x0000000714c00000, 0x0000000714e00000, 0x0000000714e00000|100%| S|CS|TAMS 0x0000000714c00000| PB 0x0000000714c00000| Complete 
| 123|0x0000000718a00000, 0x0000000718c00000, 0x0000000718c00000|100%| E|CS|TAMS 0x0000000718a00000| PB 0x0000000718a00000| Complete 

Card table byte_map: [0x0000021adacf0000,0x0000021adb4b0000] _byte_map_base: 0x0000021ad74a6000

Marking Bits: (CMBitMap*) 0x0000021ac28bd6c0
 Bits: [0x0000021adb4b0000, 0x0000021adf260000)

Polling page: 0x0000021ac0780000

Metaspace:

Usage:
  Non-class:     22.06 MB used.
      Class:      2.87 MB used.
       Both:     24.93 MB used.

Virtual space:
  Non-class space:       64.00 MB reserved,      22.25 MB ( 35%) committed,  1 nodes.
      Class space:        1.00 GB reserved,       3.00 MB ( <1%) committed,  1 nodes.
             Both:        1.06 GB reserved,      25.25 MB (  2%) committed. 

Chunk freelists:
   Non-Class:  9.42 MB
       Class:  12.94 MB
        Both:  22.36 MB

MaxMetaspaceSize: unlimited
CompressedClassSpaceSize: 1.00 GB
Initial GC threshold: 21.00 MB
Current GC threshold: 35.25 MB
CDS: on
 - commit_granule_bytes: 65536.
 - commit_granule_words: 8192.
 - virtual_space_node_default_size: 8388608.
 - enlarge_chunks_in_place: 1.
 - use_allocation_guard: 0.


Internal statistics:

num_allocs_failed_limit: 3.
num_arena_births: 214.
num_arena_deaths: 0.
num_vsnodes_births: 2.
num_vsnodes_deaths: 0.
num_space_committed: 404.
num_space_uncommitted: 0.
num_chunks_returned_to_freelist: 3.
num_chunks_taken_from_freelist: 1077.
num_chunk_merges: 3.
num_chunk_splits: 785.
num_chunks_enlarged: 647.
num_inconsistent_stats: 0.

CodeHeap 'non-profiled nmethods': size=119168Kb used=2368Kb max_used=2368Kb free=116799Kb
 bounds [0x0000021ad2850000, 0x0000021ad2ac0000, 0x0000021ad9cb0000]
CodeHeap 'profiled nmethods': size=119104Kb used=11170Kb max_used=11170Kb free=107933Kb
 bounds [0x0000021acacb0000, 0x0000021acb7a0000, 0x0000021ad2100000]
CodeHeap 'non-nmethods': size=7488Kb used=3138Kb max_used=3174Kb free=4349Kb
 bounds [0x0000021ad2100000, 0x0000021ad2420000, 0x0000021ad2850000]
 total_blobs=5703 nmethods=5169 adapters=433
 compilation: enabled
              stopped_count=0, restarted_count=0
 full_count=0

Compilation events (20 events):
Event: 3.289 Thread 0x0000021ae23c8f10 5145       3       com.sun.tools.javac.jvm.ClassReader::readMemberAttrs (9 bytes)
Event: 3.289 Thread 0x0000021ae23c8f10 nmethod 5145 0x0000021acb77ae90 code [0x0000021acb77b040, 0x0000021acb77b190]
Event: 3.290 Thread 0x0000021ae23c8f10 5150       3       com.sun.tools.javac.code.Symbol$MethodSymbol::<init> (85 bytes)
Event: 3.290 Thread 0x0000021ae23ca380 nmethod 5147 0x0000021acb77b290 code [0x0000021acb77b4e0, 0x0000021acb77bdf8]
Event: 3.290 Thread 0x0000021ae23c8840 5151       3       com.sun.tools.javac.util.Assert::checkNull (9 bytes)
Event: 3.291 Thread 0x0000021ae23ca380 5152   !   3       com.sun.tools.javac.jvm.ClassReader::readMethod (535 bytes)
Event: 3.291 Thread 0x0000021ae23c8840 nmethod 5151 0x0000021acb77c110 code [0x0000021acb77c2c0, 0x0000021acb77c520]
Event: 3.291 Thread 0x0000021ae23c8840 5153       3       com.sun.tools.javac.jvm.ClassReader::adjustMethodFlags (46 bytes)
Event: 3.291 Thread 0x0000021ae23c8840 nmethod 5153 0x0000021acb77c610 code [0x0000021acb77c7a0, 0x0000021acb77c990]
Event: 3.291 Thread 0x0000021ae23c8f10 nmethod 5150 0x0000021acb77ca10 code [0x0000021acb77cd00, 0x0000021acb77dcd0]
Event: 3.291 Thread 0x0000021ae23c8840 5154       3       com.sun.tools.javac.code.Symbol::isInterface (19 bytes)
Event: 3.291 Thread 0x0000021ae23c8f10 5155       3       com.sun.tools.javac.code.Types::isSignaturePolymorphic (111 bytes)
Event: 3.292 Thread 0x0000021ae23c8840 nmethod 5154 0x0000021acb77e210 code [0x0000021acb77e3c0, 0x0000021acb77e5f8]
Event: 3.292 Thread 0x0000021ae23c8840 5139       3       com.sun.tools.javac.code.Symbol$VarSymbol::<init> (24 bytes)
Event: 3.292 Thread 0x0000021ae23c95e0 nmethod 4955 0x0000021ad2a99810 code [0x0000021ad2a99ac0, 0x0000021ad2a9ba18]
Event: 3.292 Thread 0x0000021ae23c8840 nmethod 5139 0x0000021acb77e690 code [0x0000021acb77e840, 0x0000021acb77e9c0]
Event: 3.293 Thread 0x0000021ae23c8840 5148       3       com.sun.tools.javac.code.Symbol$ClassSymbol::erasure (45 bytes)
Event: 3.294 Thread 0x0000021ae23c8840 nmethod 5148 0x0000021acb77ea90 code [0x0000021acb77ece0, 0x0000021acb77f838]
Event: 3.294 Thread 0x0000021ae220fce0 nmethod 5156 0x0000021acb77fc10 code [0x0000021acb780160, 0x0000021acb783550]
Event: 3.295 Thread 0x0000021ae23c8840 5146   !   3       com.sun.tools.javac.code.Symbol$ClassSymbol::complete (52 bytes)

GC Heap History (6 events):
Event: 0.531 GC heap before
{Heap before GC invocations=0 (full 0):
 garbage-first heap   total 253952K, used 22528K [0x0000000709400000, 0x0000000800000000)
  region size 2048K, 11 young (22528K), 0 survivors (0K)
 Metaspace       used 5718K, committed 5952K, reserved 1114112K
  class space    used 650K, committed 768K, reserved 1048576K
}
Event: 0.535 GC heap after
{Heap after GC invocations=1 (full 0):
 garbage-first heap   total 253952K, used 4085K [0x0000000709400000, 0x0000000800000000)
  region size 2048K, 2 young (4096K), 2 survivors (4096K)
 Metaspace       used 5718K, committed 5952K, reserved 1114112K
  class space    used 650K, committed 768K, reserved 1048576K
}
Event: 1.390 GC heap before
{Heap before GC invocations=1 (full 0):
 garbage-first heap   total 253952K, used 40949K [0x0000000709400000, 0x0000000800000000)
  region size 2048K, 20 young (40960K), 2 survivors (4096K)
 Metaspace       used 11256K, committed 11456K, reserved 1114112K
  class space    used 1323K, committed 1408K, reserved 1048576K
}
Event: 1.395 GC heap after
{Heap after GC invocations=2 (full 0):
 garbage-first heap   total 253952K, used 5936K [0x0000000709400000, 0x0000000800000000)
  region size 2048K, 2 young (4096K), 2 survivors (4096K)
 Metaspace       used 11256K, committed 11456K, reserved 1114112K
  class space    used 1323K, committed 1408K, reserved 1048576K
}
Event: 2.794 GC heap before
{Heap before GC invocations=2 (full 0):
 garbage-first heap   total 253952K, used 63280K [0x0000000709400000, 0x0000000800000000)
  region size 2048K, 31 young (63488K), 2 survivors (4096K)
 Metaspace       used 21161K, committed 21504K, reserved 1114112K
  class space    used 2487K, committed 2688K, reserved 1048576K
}
Event: 2.800 GC heap after
{Heap after GC invocations=3 (full 0):
 garbage-first heap   total 253952K, used 11005K [0x0000000709400000, 0x0000000800000000)
  region size 2048K, 4 young (8192K), 4 survivors (8192K)
 Metaspace       used 21161K, committed 21504K, reserved 1114112K
  class space    used 2487K, committed 2688K, reserved 1048576K
}

Dll operation events (8 events):
Event: 0.005 Loaded shared library C:\Program Files\Java\jdk-21\bin\java.dll
Event: 0.030 Loaded shared library C:\Program Files\Java\jdk-21\bin\jsvml.dll
Event: 0.047 Loaded shared library C:\Program Files\Java\jdk-21\bin\net.dll
Event: 0.048 Loaded shared library C:\Program Files\Java\jdk-21\bin\nio.dll
Event: 0.050 Loaded shared library C:\Program Files\Java\jdk-21\bin\zip.dll
Event: 0.136 Loaded shared library C:\Program Files\Java\jdk-21\bin\jimage.dll
Event: 0.145 Loaded shared library C:\Program Files\NetBeans-20\netbeans\java\maven\lib\jansi-native\Windows\x86_64\jansi.dll
Event: 0.154 Loaded shared library C:\Program Files\Java\jdk-21\bin\verify.dll

Deoptimization events (20 events):
Event: 3.114 Thread 0x0000021ac0551750 DEOPT PACKING pc=0x0000021ad2a4d324 sp=0x000000d13adfce00
Event: 3.114 Thread 0x0000021ac0551750 DEOPT UNPACKING pc=0x0000021ad21546a2 sp=0x000000d13adfcdb8 mode 2
Event: 3.124 Thread 0x0000021ac0551750 Uncommon trap: trap_request=0xffffffde fr.pc=0x0000021ad29e22a8 relative=0x0000000000001c08
Event: 3.124 Thread 0x0000021ac0551750 Uncommon trap: reason=class_check action=maybe_recompile pc=0x0000021ad29e22a8 method=java.util.zip.InflaterInputStream.read([BII)I @ 78 c2
Event: 3.124 Thread 0x0000021ac0551750 DEOPT PACKING pc=0x0000021ad29e22a8 sp=0x000000d13adfcb30
Event: 3.124 Thread 0x0000021ac0551750 DEOPT UNPACKING pc=0x0000021ad21546a2 sp=0x000000d13adfcb90 mode 2
Event: 3.126 Thread 0x0000021ac0551750 Uncommon trap: trap_request=0xffffffde fr.pc=0x0000021ad29e22a8 relative=0x0000000000001c08
Event: 3.126 Thread 0x0000021ac0551750 Uncommon trap: reason=class_check action=maybe_recompile pc=0x0000021ad29e22a8 method=java.util.zip.InflaterInputStream.read([BII)I @ 78 c2
Event: 3.127 Thread 0x0000021ac0551750 DEOPT PACKING pc=0x0000021ad29e22a8 sp=0x000000d13adfcb30
Event: 3.127 Thread 0x0000021ac0551750 DEOPT UNPACKING pc=0x0000021ad21546a2 sp=0x000000d13adfcb90 mode 2
Event: 3.131 Thread 0x0000021ac0551750 Uncommon trap: trap_request=0xffffffde fr.pc=0x0000021ad29e22a8 relative=0x0000000000001c08
Event: 3.132 Thread 0x0000021ac0551750 Uncommon trap: reason=class_check action=maybe_recompile pc=0x0000021ad29e22a8 method=java.util.zip.InflaterInputStream.read([BII)I @ 78 c2
Event: 3.132 Thread 0x0000021ac0551750 DEOPT PACKING pc=0x0000021ad29e22a8 sp=0x000000d13adfcb30
Event: 3.132 Thread 0x0000021ac0551750 DEOPT UNPACKING pc=0x0000021ad21546a2 sp=0x000000d13adfcb90 mode 2
Event: 3.155 Thread 0x0000021ac0551750 DEOPT PACKING pc=0x0000021acaf34d44 sp=0x000000d13adfd410
Event: 3.155 Thread 0x0000021ac0551750 DEOPT UNPACKING pc=0x0000021ad2154e42 sp=0x000000d13adfc900 mode 0
Event: 3.255 Thread 0x0000021ac0551750 Uncommon trap: trap_request=0xffffff45 fr.pc=0x0000021ad2a7198c relative=0x000000000000006c
Event: 3.255 Thread 0x0000021ac0551750 Uncommon trap: reason=unstable_if action=reinterpret pc=0x0000021ad2a7198c method=com.sun.tools.javac.jvm.PoolReader.sizeof(I)I @ 1 c2
Event: 3.255 Thread 0x0000021ac0551750 DEOPT PACKING pc=0x0000021ad2a7198c sp=0x000000d13adfc770
Event: 3.255 Thread 0x0000021ac0551750 DEOPT UNPACKING pc=0x0000021ad21546a2 sp=0x000000d13adfc700 mode 2

Classes loaded (20 events):
Event: 3.113 Loading class sun/nio/fs/BasicFileAttributesHolder
Event: 3.113 Loading class sun/nio/fs/BasicFileAttributesHolder done
Event: 3.147 Loading class java/util/ComparableTimSort
Event: 3.148 Loading class java/util/ComparableTimSort done
Event: 3.150 Loading class sun/nio/fs/WindowsDirectoryStream
Event: 3.151 Loading class sun/nio/fs/WindowsDirectoryStream done
Event: 3.151 Loading class sun/nio/fs/WindowsDirectoryStream$WindowsDirectoryIterator
Event: 3.151 Loading class sun/nio/fs/WindowsDirectoryStream$WindowsDirectoryIterator done
Event: 3.152 Loading class java/nio/file/Files$2
Event: 3.152 Loading class java/nio/file/Files$2 done
Event: 3.153 Loading class java/util/ImmutableCollections$Access
Event: 3.153 Loading class java/util/ImmutableCollections$Access done
Event: 3.153 Loading class java/util/ImmutableCollections$Access$1
Event: 3.153 Loading class jdk/internal/access/JavaUtilCollectionAccess
Event: 3.153 Loading class jdk/internal/access/JavaUtilCollectionAccess done
Event: 3.153 Loading class java/util/ImmutableCollections$Access$1 done
Event: 3.154 Loading class java/util/stream/Nodes$SpinedNodeBuilder
Event: 3.154 Loading class java/util/stream/Nodes$SpinedNodeBuilder done
Event: 3.158 Loading class sun/nio/fs/WindowsPath$WindowsPathWithAttributes
Event: 3.158 Loading class sun/nio/fs/WindowsPath$WindowsPathWithAttributes done

Classes unloaded (0 events):
No events

Classes redefined (0 events):
No events

Internal exceptions (20 events):
Event: 2.873 Thread 0x0000021ac0551750 Exception <a 'sun/nio/fs/WindowsException'{0x000000070b807ea0}> (0x000000070b807ea0) 
thrown [s\open\src\hotspot\share\prims\jni.cpp, line 520]
Event: 2.992 Thread 0x0000021ac0551750 Exception <a 'sun/nio/fs/WindowsException'{0x000000070b5979e0}> (0x000000070b5979e0) 
thrown [s\open\src\hotspot\share\prims\jni.cpp, line 520]
Event: 2.992 Thread 0x0000021ac0551750 Exception <a 'sun/nio/fs/WindowsException'{0x000000070b598548}> (0x000000070b598548) 
thrown [s\open\src\hotspot\share\prims\jni.cpp, line 520]
Event: 2.993 Thread 0x0000021ac0551750 Exception <a 'sun/nio/fs/WindowsException'{0x000000070b599168}> (0x000000070b599168) 
thrown [s\open\src\hotspot\share\prims\jni.cpp, line 520]
Event: 3.031 Thread 0x0000021ac0551750 Exception <a 'java/lang/NoSuchMethodError'{0x000000070b255380}: 'java.lang.Object java.lang.invoke.DirectMethodHandle$Holder.invokeSpecial(java.lang.Object, java.lang.Object, java.lang.Object, int, int)'> (0x000000070b255380) 
thrown [s\open\src\hotspot\share\interpreter\linkResolver.cpp, line 773]
Event: 3.032 Thread 0x0000021ac0551750 Exception <a 'java/lang/NoSuchMethodError'{0x000000070b25b830}: 'java.lang.Object java.lang.invoke.DirectMethodHandle$Holder.invokeVirtual(java.lang.Object, java.lang.Object, int)'> (0x000000070b25b830) 
thrown [s\open\src\hotspot\share\interpreter\linkResolver.cpp, line 773]
Event: 3.155 Thread 0x0000021ac0551750 Exception <a 'sun/nio/fs/WindowsException'{0x000000070b156930}> (0x000000070b156930) 
thrown [s\open\src\hotspot\share\prims\jni.cpp, line 520]
Event: 3.160 Thread 0x0000021ac0551750 Exception <a 'sun/nio/fs/WindowsException'{0x000000070b161da8}> (0x000000070b161da8) 
thrown [s\open\src\hotspot\share\prims\jni.cpp, line 520]
Event: 3.166 Thread 0x0000021ac0551750 Exception <a 'java/lang/NoSuchMethodError'{0x000000070b16cfc0}: 'int java.lang.invoke.DirectMethodHandle$Holder.invokeSpecial(java.lang.Object, java.lang.Object, java.lang.Object, java.lang.Object, java.lang.Object)'> (0x000000070b16cfc0) 
thrown [s\open\src\hotspot\share\interpreter\linkResolver.cpp, line 773]
Event: 3.177 Thread 0x0000021ac0551750 Exception <a 'sun/nio/fs/WindowsException'{0x000000070b17a288}> (0x000000070b17a288) 
thrown [s\open\src\hotspot\share\prims\jni.cpp, line 520]
Event: 3.179 Thread 0x0000021ac0551750 Exception <a 'sun/nio/fs/WindowsException'{0x000000070b182720}> (0x000000070b182720) 
thrown [s\open\src\hotspot\share\prims\jni.cpp, line 520]
Event: 3.214 Thread 0x0000021ac0551750 Exception <a 'sun/nio/fs/WindowsException'{0x000000070acf7c38}> (0x000000070acf7c38) 
thrown [s\open\src\hotspot\share\prims\jni.cpp, line 520]
Event: 3.214 Thread 0x0000021ac0551750 Exception <a 'sun/nio/fs/WindowsException'{0x000000070acf87b8}> (0x000000070acf87b8) 
thrown [s\open\src\hotspot\share\prims\jni.cpp, line 520]
Event: 3.214 Thread 0x0000021ac0551750 Exception <a 'sun/nio/fs/WindowsException'{0x000000070acf9520}> (0x000000070acf9520) 
thrown [s\open\src\hotspot\share\prims\jni.cpp, line 520]
Event: 3.214 Thread 0x0000021ac0551750 Exception <a 'sun/nio/fs/WindowsException'{0x000000070acfa198}> (0x000000070acfa198) 
thrown [s\open\src\hotspot\share\prims\jni.cpp, line 520]
Event: 3.229 Thread 0x0000021ac0551750 Exception <a 'sun/nio/fs/WindowsException'{0x000000070abc49d8}> (0x000000070abc49d8) 
thrown [s\open\src\hotspot\share\prims\jni.cpp, line 520]
Event: 3.229 Thread 0x0000021ac0551750 Exception <a 'sun/nio/fs/WindowsException'{0x000000070abc5558}> (0x000000070abc5558) 
thrown [s\open\src\hotspot\share\prims\jni.cpp, line 520]
Event: 3.229 Thread 0x0000021ac0551750 Exception <a 'sun/nio/fs/WindowsException'{0x000000070abc62c0}> (0x000000070abc62c0) 
thrown [s\open\src\hotspot\share\prims\jni.cpp, line 520]
Event: 3.229 Thread 0x0000021ac0551750 Exception <a 'sun/nio/fs/WindowsException'{0x000000070abc6f38}> (0x000000070abc6f38) 
thrown [s\open\src\hotspot\share\prims\jni.cpp, line 520]
Event: 3.256 Thread 0x0000021ac0551750 Exception <a 'java/lang/NoSuchMethodError'{0x000000070a49cd20}: 'java.lang.Object java.lang.invoke.DirectMethodHandle$Holder.invokeVirtual(java.lang.Object, java.lang.Object, java.lang.Object, int, int)'> (0x000000070a49cd20) 
thrown [s\open\src\hotspot\share\interpreter\linkResolver.cpp, line 773]

ZGC Phase Switch (0 events):
No events

VM Operations (20 events):
Event: 2.794 Executing VM operation: CollectForMetadataAllocation (Metadata GC Threshold)
Event: 2.800 Executing VM operation: CollectForMetadataAllocation (Metadata GC Threshold) done
Event: 2.804 Executing VM operation: G1PauseRemark
Event: 2.806 Executing VM operation: G1PauseRemark done
Event: 2.807 Executing VM operation: G1PauseCleanup
Event: 2.808 Executing VM operation: G1PauseCleanup done
Event: 2.875 Executing VM operation: HandshakeAllThreads (Deoptimize)
Event: 2.875 Executing VM operation: HandshakeAllThreads (Deoptimize) done
Event: 2.996 Executing VM operation: HandshakeAllThreads (Deoptimize)
Event: 2.996 Executing VM operation: HandshakeAllThreads (Deoptimize) done
Event: 2.997 Executing VM operation: HandshakeAllThreads (Deoptimize)
Event: 2.997 Executing VM operation: HandshakeAllThreads (Deoptimize) done
Event: 3.006 Executing VM operation: HandshakeAllThreads (Deoptimize)
Event: 3.006 Executing VM operation: HandshakeAllThreads (Deoptimize) done
Event: 3.088 Executing VM operation: HandshakeAllThreads (Deoptimize)
Event: 3.088 Executing VM operation: HandshakeAllThreads (Deoptimize) done
Event: 3.155 Executing VM operation: HandshakeAllThreads (Deoptimize)
Event: 3.155 Executing VM operation: HandshakeAllThreads (Deoptimize) done
Event: 3.159 Executing VM operation: HandshakeAllThreads (Deoptimize)
Event: 3.159 Executing VM operation: HandshakeAllThreads (Deoptimize) done

Events (20 events):
Event: 0.029 Thread 0x0000021ae21f9800 Thread added: 0x0000021ae21f9800
Event: 0.029 Thread 0x0000021ae220c000 Thread added: 0x0000021ae220c000
Event: 0.029 Thread 0x0000021ae220fce0 Thread added: 0x0000021ae220fce0
Event: 0.033 Thread 0x0000021ae23c8f10 Thread added: 0x0000021ae23c8f10
Event: 0.042 Thread 0x0000021ae21f9e90 Thread added: 0x0000021ae21f9e90
Event: 0.045 Thread 0x0000021ae21fb240 Thread added: 0x0000021ae21fb240
Event: 0.088 Thread 0x0000021ae23c9cb0 Thread added: 0x0000021ae23c9cb0
Event: 0.247 Thread 0x0000021ae23ca380 Thread added: 0x0000021ae23ca380
Event: 0.247 Thread 0x0000021ae23c8840 Thread added: 0x0000021ae23c8840
Event: 0.496 Thread 0x0000021ae23caa50 Thread added: 0x0000021ae23caa50
Event: 0.496 Thread 0x0000021ae23c95e0 Thread added: 0x0000021ae23c95e0
Event: 0.509 Thread 0x0000021ae23cb7f0 Thread added: 0x0000021ae23cb7f0
Event: 0.509 Thread 0x0000021ae23cb120 Thread added: 0x0000021ae23cb120
Event: 0.509 Thread 0x0000021ae23cbec0 Thread added: 0x0000021ae23cbec0
Event: 0.509 Thread 0x0000021b2864f650 Thread added: 0x0000021b2864f650
Event: 0.879 Thread 0x0000021b2864f650 Thread exited: 0x0000021b2864f650
Event: 1.115 Thread 0x0000021ae23cbec0 Thread exited: 0x0000021ae23cbec0
Event: 1.862 Thread 0x0000021ae23cb120 Thread exited: 0x0000021ae23cb120
Event: 2.953 Thread 0x0000021ae23cbec0 Thread added: 0x0000021ae23cbec0
Event: 3.198 Thread 0x0000021b2a622450 Thread added: 0x0000021b2a622450


Dynamic libraries:
0x00007ff6e0a30000 - 0x00007ff6e0a40000 	C:\Program Files\Java\jdk-21\bin\java.exe
0x00007fff1ea10000 - 0x00007fff1ec26000 	C:\WINDOWS\SYSTEM32\ntdll.dll
0x00007fff1d380000 - 0x00007fff1d444000 	C:\WINDOWS\System32\KERNEL32.DLL
0x00007fff1c260000 - 0x00007fff1c606000 	C:\WINDOWS\System32\KERNELBASE.dll
0x00007fff1bf80000 - 0x00007fff1c091000 	C:\WINDOWS\System32\ucrtbase.dll
0x00007fff08540000 - 0x00007fff0855b000 	C:\Program Files\Java\jdk-21\bin\VCRUNTIME140.dll
0x00007fff09e80000 - 0x00007fff09e99000 	C:\Program Files\Java\jdk-21\bin\jli.dll
0x00007fff1c990000 - 0x00007fff1ca42000 	C:\WINDOWS\System32\ADVAPI32.dll
0x00007fff1e920000 - 0x00007fff1e9c7000 	C:\WINDOWS\System32\msvcrt.dll
0x00007fff1d600000 - 0x00007fff1d6a8000 	C:\WINDOWS\System32\sechost.dll
0x00007fff1c1b0000 - 0x00007fff1c1d8000 	C:\WINDOWS\System32\bcrypt.dll
0x00007fff1da70000 - 0x00007fff1db85000 	C:\WINDOWS\System32\RPCRT4.dll
0x00007fff1e030000 - 0x00007fff1e1dd000 	C:\WINDOWS\System32\USER32.dll
0x00007fff1c730000 - 0x00007fff1c756000 	C:\WINDOWS\System32\win32u.dll
0x00007fff0a1e0000 - 0x00007fff0a473000 	C:\WINDOWS\WinSxS\amd64_microsoft.windows.common-controls_6595b64144ccf1df_6.0.22621.3235_none_270f74e173860f98\COMCTL32.dll
0x00007fff1c7c0000 - 0x00007fff1c7e9000 	C:\WINDOWS\System32\GDI32.dll
0x00007fff1c610000 - 0x00007fff1c728000 	C:\WINDOWS\System32\gdi32full.dll
0x00007fff1c110000 - 0x00007fff1c1aa000 	C:\WINDOWS\System32\msvcp_win.dll
0x00007fff14b10000 - 0x00007fff14b1a000 	C:\WINDOWS\SYSTEM32\VERSION.dll
0x00007fff1ca70000 - 0x00007fff1caa1000 	C:\WINDOWS\System32\IMM32.DLL
0x00007fff18d40000 - 0x00007fff18d4c000 	C:\Program Files\Java\jdk-21\bin\vcruntime140_1.dll
0x00007ffee3d10000 - 0x00007ffee3d9e000 	C:\Program Files\Java\jdk-21\bin\msvcp140.dll
0x00007ffe92f10000 - 0x00007ffe93c25000 	C:\Program Files\Java\jdk-21\bin\server\jvm.dll
0x00007fff1dc90000 - 0x00007fff1dd01000 	C:\WINDOWS\System32\WS2_32.dll
0x00007fff1ba70000 - 0x00007fff1babd000 	C:\WINDOWS\SYSTEM32\POWRPROF.dll
0x00007fff14cf0000 - 0x00007fff14d24000 	C:\WINDOWS\SYSTEM32\WINMM.dll
0x00007fff1ba40000 - 0x00007fff1ba53000 	C:\WINDOWS\SYSTEM32\UMPDC.dll
0x00007fff1ad50000 - 0x00007fff1ad68000 	C:\WINDOWS\SYSTEM32\kernel.appcore.dll
0x00007fff17130000 - 0x00007fff1713a000 	C:\Program Files\Java\jdk-21\bin\jimage.dll
0x00007fff12450000 - 0x00007fff12683000 	C:\WINDOWS\SYSTEM32\DBGHELP.DLL
0x00007fff1d6e0000 - 0x00007fff1da68000 	C:\WINDOWS\System32\combase.dll
0x00007fff1e840000 - 0x00007fff1e917000 	C:\WINDOWS\System32\OLEAUT32.dll
0x00007fff12120000 - 0x00007fff12152000 	C:\WINDOWS\SYSTEM32\dbgcore.DLL
0x00007fff1c1e0000 - 0x00007fff1c25a000 	C:\WINDOWS\System32\bcryptPrimitives.dll
0x00007fff08440000 - 0x00007fff0845f000 	C:\Program Files\Java\jdk-21\bin\java.dll
0x00007fff1cb10000 - 0x00007fff1d36c000 	C:\WINDOWS\System32\SHELL32.dll
0x00007fff19c60000 - 0x00007fff1a558000 	C:\WINDOWS\SYSTEM32\windows.storage.dll
0x00007fff19b20000 - 0x00007fff19c5e000 	C:\WINDOWS\SYSTEM32\wintypes.dll
0x00007fff1e240000 - 0x00007fff1e333000 	C:\WINDOWS\System32\SHCORE.dll
0x00007fff1db90000 - 0x00007fff1dbee000 	C:\WINDOWS\System32\shlwapi.dll
0x00007fff1bc80000 - 0x00007fff1bca6000 	C:\WINDOWS\SYSTEM32\profapi.dll
0x00007ffebd9e0000 - 0x00007ffebdab7000 	C:\Program Files\Java\jdk-21\bin\jsvml.dll
0x00007fff17000000 - 0x00007fff17010000 	C:\Program Files\Java\jdk-21\bin\net.dll
0x00007fff162a0000 - 0x00007fff163d7000 	C:\WINDOWS\SYSTEM32\WINHTTP.dll
0x00007fff1b1d0000 - 0x00007fff1b239000 	C:\WINDOWS\system32\mswsock.dll
0x00007fff068c0000 - 0x00007fff068d6000 	C:\Program Files\Java\jdk-21\bin\nio.dll
0x00007ffefcab0000 - 0x00007ffefcac8000 	C:\Program Files\Java\jdk-21\bin\zip.dll
0x0000000069ac0000 - 0x0000000069ae4000 	C:\Program Files\NetBeans-20\netbeans\java\maven\lib\jansi-native\Windows\x86_64\jansi.dll
0x00007fff09f20000 - 0x00007fff09f30000 	C:\Program Files\Java\jdk-21\bin\verify.dll

dbghelp: loaded successfully - version: 4.0.5 - missing functions: none
symbol engine: initialized successfully - sym options: 0x614 - pdb path: .;C:\Program Files\Java\jdk-21\bin;C:\WINDOWS\SYSTEM32;C:\WINDOWS\WinSxS\amd64_microsoft.windows.common-controls_6595b64144ccf1df_6.0.22621.3235_none_270f74e173860f98;C:\Program Files\Java\jdk-21\bin\server;C:\Program Files\NetBeans-20\netbeans\java\maven\lib\jansi-native\Windows\x86_64

VM Arguments:
jvm_args: -Dclassworlds.conf=C:\Program Files\NetBeans-20\netbeans\java\maven\bin\m2.conf -Dmaven.home=C:\Program Files\NetBeans-20\netbeans\java\maven -Dlibrary.jansi.path=C:\Program Files\NetBeans-20\netbeans\java\maven\lib\jansi-native -Dmaven.multiModuleProjectDirectory=C:\Users\jairus\Documents\GitHub\INF234\FinalProject_ATM 
java_command: org.codehaus.plexus.classworlds.launcher.Launcher -Dexec.vmArgs= -Dexec.args=${exec.vmArgs} -classpath %classpath ${exec.mainClass} ${exec.appArgs} -Dexec.executable=C:\Program Files\Java\jdk-21\bin\java.exe -Dexec.mainClass=settings.printPDFReceipts -Dexec.classpathScope=runtime -Dexec.appArgs= -Dmaven.ext.class.path=C:\Program Files\NetBeans-20\netbeans\java\maven-nblib\netbeans-eventspy.jar --no-transfer-progress process-classes org.codehaus.mojo:exec-maven-plugin:3.1.0:exec
java_class_path (initial): C:\Program Files\NetBeans-20\netbeans\java\maven\boot\plexus-classworlds-2.7.0.jar
Launcher Type: SUN_STANDARD

[Global flags]
     intx CICompilerCount                          = 12                                        {product} {ergonomic}
     uint ConcGCThreads                            = 3                                         {product} {ergonomic}
     uint G1ConcRefinementThreads                  = 13                                        {product} {ergonomic}
   size_t G1HeapRegionSize                         = 2097152                                   {product} {ergonomic}
    uintx GCDrainStackTargetSize                   = 64                                        {product} {ergonomic}
   size_t InitialHeapSize                          = 260046848                                 {product} {ergonomic}
   size_t MarkStackSize                            = 4194304                                   {product} {ergonomic}
   size_t MaxHeapSize                              = 4139778048                                {product} {ergonomic}
   size_t MaxNewSize                               = 2483027968                                {product} {ergonomic}
   size_t MinHeapDeltaBytes                        = 2097152                                   {product} {ergonomic}
   size_t MinHeapSize                              = 8388608                                   {product} {ergonomic}
    uintx NonNMethodCodeHeapSize                   = 7602480                                {pd product} {ergonomic}
    uintx NonProfiledCodeHeapSize                  = 122027880                              {pd product} {ergonomic}
    uintx ProfiledCodeHeapSize                     = 122027880                              {pd product} {ergonomic}
    uintx ReservedCodeCacheSize                    = 251658240                              {pd product} {ergonomic}
     bool SegmentedCodeCache                       = true                                      {product} {ergonomic}
   size_t SoftMaxHeapSize                          = 4139778048                             {manageable} {ergonomic}
     bool UseCompressedOops                        = true                           {product lp64_product} {ergonomic}
     bool UseG1GC                                  = true                                      {product} {ergonomic}
     bool UseLargePagesIndividualAllocation        = false                                  {pd product} {ergonomic}

Logging:
Log output configuration:
 #0: stdout all=warning uptime,level,tags foldmultilines=false
 #1: stderr all=off uptime,level,tags foldmultilines=false

Environment Variables:
JAVA_HOME=C:\Program Files\Java\jdk-21
PATH=C:\Program Files\Common Files\Oracle\Java\javapath;C:\Windows\system32;C:\Windows;C:\Windows\System32\Wbem;C:\Windows\System32\WindowsPowerShell\v1.0\;C:\Windows\System32\OpenSSH\;C:\Program Files (x86)\NVIDIA Corporation\PhysX\Common;C:\Program Files\NVIDIA Corporation\NVIDIA NvDLISR;C:\WINDOWS\system32;C:\WINDOWS;C:\WINDOWS\System32\Wbem;C:\WINDOWS\System32\WindowsPowerShell\v1.0\;C:\WINDOWS\System32\OpenSSH\;C:\Program Files\Git\cmd;C:\Users\jairus\AppData\Local\Programs\Python\Launcher\;C:\Users\jairus\AppData\Local\Microsoft\WindowsApps;C:\Users\jairus\AppData\Local\Programs\Microsoft VS Code\bin;C:\Users\jairus\AppData\Local\GitHubDesktop\bin
USERNAME=jairus
OS=Windows_NT
PROCESSOR_IDENTIFIER=AMD64 Family 23 Model 96 Stepping 1, AuthenticAMD
TMP=C:\Users\jairus\AppData\Local\Temp
TEMP=C:\Users\jairus\AppData\Local\Temp




Periodic native trim disabled

---------------  S Y S T E M  ---------------

OS:
 Windows 11 , 64 bit Build 22621 (10.0.22621.3235)
OS uptime: 0 days 8:28 hours
Hyper-V role detected

CPU: total 16 (initial active 16) (16 cores per cpu, 2 threads per core) family 23 model 96 stepping 1 microcode 0x0, cx8, cmov, fxsr, ht, mmx, 3dnowpref, sse, sse2, sse3, ssse3, sse4a, sse4.1, sse4.2, popcnt, lzcnt, tsc, tscinvbit, avx, avx2, aes, clmul, bmi1, bmi2, adx, sha, fma, vzeroupper, clflush, clflushopt, hv, rdtscp, rdpid, f16c
Processor Information for all 16 processors :
  Max Mhz: 2901, Current Mhz: 2901, Mhz Limit: 2901

Memory: 4k page, system-wide physical 15789M (4417M free)
TotalPageFile size 18477M (AvailPageFile size 2314M)
current process WorkingSet (physical memory assigned to process): 171M, peak: 190M
current process commit charge ("private bytes"): 223M, peak: 415M

vm_info: Java HotSpot(TM) 64-Bit Server VM (21.0.1+12-LTS-29) for windows-amd64 JRE (21.0.1+12-LTS-29), built on 2023-10-05T13:27:09Z by "mach5one" with MS VC++ 17.1 (VS2022)

END.
